Analysis & Synthesis report for Register
Mon Mar 13 10:57:47 2023
Quartus II 64-Bit Version 13.0.1 Build 232 06/12/2013 Service Pack 1 SJ Web Edition


---------------------
; Table of Contents ;
---------------------
  1. Legal Notice
  2. Analysis & Synthesis Summary
  3. Analysis & Synthesis Settings
  4. Parallel Compilation
  5. Analysis & Synthesis Source Files Read
  6. Analysis & Synthesis Resource Usage Summary
  7. Analysis & Synthesis Resource Utilization by Entity
  8. User-Specified and Inferred Latches
  9. General Register Statistics
 10. Multiplexer Restructuring Statistics (Restructuring Performed)
 11. Parameter Settings for User Entity Instance: ALU:alu_instance
 12. Port Connectivity Checks: "ALU:alu_instance|sub_32bit:subtraction|add_32_bit:negative_sum"
 13. Port Connectivity Checks: "ALU:alu_instance|sub_32bit:subtraction|negate_32_bit:negative|add_32_bit:sum_op"
 14. Port Connectivity Checks: "ALU:alu_instance|sub_32bit:subtraction"
 15. Port Connectivity Checks: "ALU:alu_instance|add_32_bit:adding"
 16. Port Connectivity Checks: "z_register:z_reg"
 17. Port Connectivity Checks: "Register:zlo"
 18. Port Connectivity Checks: "Register:MAR"
 19. Port Connectivity Checks: "Register:IR"
 20. Elapsed Time Per Partition
 21. Analysis & Synthesis Messages
 22. Analysis & Synthesis Suppressed Messages



----------------
; Legal Notice ;
----------------
Copyright (C) 1991-2013 Altera Corporation
Your use of Altera Corporation's design tools, logic functions 
and other software and tools, and its AMPP partner logic 
functions, and any output files from any of the foregoing 
(including device programming or simulation files), and any 
associated documentation or information are expressly subject 
to the terms and conditions of the Altera Program License 
Subscription Agreement, Altera MegaCore Function License 
Agreement, or other applicable license agreement, including, 
without limitation, that your use is for the sole purpose of 
programming logic devices manufactured by Altera and sold by 
Altera or its authorized distributors.  Please refer to the 
applicable agreement for further details.



+--------------------------------------------------------------------------------------+
; Analysis & Synthesis Summary                                                         ;
+------------------------------------+-------------------------------------------------+
; Analysis & Synthesis Status        ; Successful - Mon Mar 13 10:57:47 2023           ;
; Quartus II 64-Bit Version          ; 13.0.1 Build 232 06/12/2013 SP 1 SJ Web Edition ;
; Revision Name                      ; Register                                        ;
; Top-level Entity Name              ; datapath                                        ;
; Family                             ; Cyclone IV GX                                   ;
; Total logic elements               ; 4,676                                           ;
;     Total combinational functions  ; 4,036                                           ;
;     Dedicated logic registers      ; 704                                             ;
; Total registers                    ; 704                                             ;
; Total pins                         ; 830                                             ;
; Total virtual pins                 ; 0                                               ;
; Total memory bits                  ; 0                                               ;
; Embedded Multiplier 9-bit elements ; 0                                               ;
; Total GXB Receiver Channel PCS     ; 0                                               ;
; Total GXB Receiver Channel PMA     ; 0                                               ;
; Total GXB Transmitter Channel PCS  ; 0                                               ;
; Total GXB Transmitter Channel PMA  ; 0                                               ;
; Total PLLs                         ; 0                                               ;
+------------------------------------+-------------------------------------------------+


+----------------------------------------------------------------------------------------------------------------------+
; Analysis & Synthesis Settings                                                                                        ;
+----------------------------------------------------------------------------+--------------------+--------------------+
; Option                                                                     ; Setting            ; Default Value      ;
+----------------------------------------------------------------------------+--------------------+--------------------+
; Top-level entity name                                                      ; datapath           ; Register           ;
; Family name                                                                ; Cyclone IV GX      ; Cyclone IV GX      ;
; Use smart compilation                                                      ; Off                ; Off                ;
; Enable parallel Assembler and TimeQuest Timing Analyzer during compilation ; On                 ; On                 ;
; Enable compact report table                                                ; Off                ; Off                ;
; Restructure Multiplexers                                                   ; Auto               ; Auto               ;
; Create Debugging Nodes for IP Cores                                        ; Off                ; Off                ;
; Preserve fewer node names                                                  ; On                 ; On                 ;
; Disable OpenCore Plus hardware evaluation                                  ; Off                ; Off                ;
; Verilog Version                                                            ; Verilog_2001       ; Verilog_2001       ;
; VHDL Version                                                               ; VHDL_1993          ; VHDL_1993          ;
; State Machine Processing                                                   ; Auto               ; Auto               ;
; Safe State Machine                                                         ; Off                ; Off                ;
; Extract Verilog State Machines                                             ; On                 ; On                 ;
; Extract VHDL State Machines                                                ; On                 ; On                 ;
; Ignore Verilog initial constructs                                          ; Off                ; Off                ;
; Iteration limit for constant Verilog loops                                 ; 5000               ; 5000               ;
; Iteration limit for non-constant Verilog loops                             ; 250                ; 250                ;
; Add Pass-Through Logic to Inferred RAMs                                    ; On                 ; On                 ;
; Infer RAMs from Raw Logic                                                  ; On                 ; On                 ;
; Parallel Synthesis                                                         ; On                 ; On                 ;
; DSP Block Balancing                                                        ; Auto               ; Auto               ;
; NOT Gate Push-Back                                                         ; On                 ; On                 ;
; Power-Up Don't Care                                                        ; On                 ; On                 ;
; Remove Redundant Logic Cells                                               ; Off                ; Off                ;
; Remove Duplicate Registers                                                 ; On                 ; On                 ;
; Ignore CARRY Buffers                                                       ; Off                ; Off                ;
; Ignore CASCADE Buffers                                                     ; Off                ; Off                ;
; Ignore GLOBAL Buffers                                                      ; Off                ; Off                ;
; Ignore ROW GLOBAL Buffers                                                  ; Off                ; Off                ;
; Ignore LCELL Buffers                                                       ; Off                ; Off                ;
; Ignore SOFT Buffers                                                        ; On                 ; On                 ;
; Limit AHDL Integers to 32 Bits                                             ; Off                ; Off                ;
; Optimization Technique                                                     ; Balanced           ; Balanced           ;
; Carry Chain Length                                                         ; 70                 ; 70                 ;
; Auto Carry Chains                                                          ; On                 ; On                 ;
; Auto Open-Drain Pins                                                       ; On                 ; On                 ;
; Perform WYSIWYG Primitive Resynthesis                                      ; Off                ; Off                ;
; Auto ROM Replacement                                                       ; On                 ; On                 ;
; Auto RAM Replacement                                                       ; On                 ; On                 ;
; Auto DSP Block Replacement                                                 ; On                 ; On                 ;
; Auto Shift Register Replacement                                            ; Auto               ; Auto               ;
; Allow Shift Register Merging across Hierarchies                            ; Auto               ; Auto               ;
; Auto Clock Enable Replacement                                              ; On                 ; On                 ;
; Strict RAM Replacement                                                     ; Off                ; Off                ;
; Allow Synchronous Control Signals                                          ; On                 ; On                 ;
; Force Use of Synchronous Clear Signals                                     ; Off                ; Off                ;
; Auto RAM Block Balancing                                                   ; On                 ; On                 ;
; Auto RAM to Logic Cell Conversion                                          ; Off                ; Off                ;
; Auto Resource Sharing                                                      ; Off                ; Off                ;
; Allow Any RAM Size For Recognition                                         ; Off                ; Off                ;
; Allow Any ROM Size For Recognition                                         ; Off                ; Off                ;
; Allow Any Shift Register Size For Recognition                              ; Off                ; Off                ;
; Use LogicLock Constraints during Resource Balancing                        ; On                 ; On                 ;
; Ignore translate_off and synthesis_off directives                          ; Off                ; Off                ;
; Timing-Driven Synthesis                                                    ; On                 ; On                 ;
; Report Parameter Settings                                                  ; On                 ; On                 ;
; Report Source Assignments                                                  ; On                 ; On                 ;
; Report Connectivity Checks                                                 ; On                 ; On                 ;
; Ignore Maximum Fan-Out Assignments                                         ; Off                ; Off                ;
; Synchronization Register Chain Length                                      ; 2                  ; 2                  ;
; PowerPlay Power Optimization                                               ; Normal compilation ; Normal compilation ;
; HDL message level                                                          ; Level2             ; Level2             ;
; Suppress Register Optimization Related Messages                            ; Off                ; Off                ;
; Number of Removed Registers Reported in Synthesis Report                   ; 5000               ; 5000               ;
; Number of Swept Nodes Reported in Synthesis Report                         ; 5000               ; 5000               ;
; Number of Inverted Registers Reported in Synthesis Report                  ; 100                ; 100                ;
; Clock MUX Protection                                                       ; On                 ; On                 ;
; Auto Gated Clock Conversion                                                ; Off                ; Off                ;
; Block Design Naming                                                        ; Auto               ; Auto               ;
; SDC constraint protection                                                  ; Off                ; Off                ;
; Synthesis Effort                                                           ; Auto               ; Auto               ;
; Shift Register Replacement - Allow Asynchronous Clear Signal               ; On                 ; On                 ;
; Pre-Mapping Resynthesis Optimization                                       ; Off                ; Off                ;
; Analysis & Synthesis Message Level                                         ; Medium             ; Medium             ;
; Disable Register Merging Across Hierarchies                                ; Auto               ; Auto               ;
; Resource Aware Inference For Block RAM                                     ; On                 ; On                 ;
; Synthesis Seed                                                             ; 1                  ; 1                  ;
+----------------------------------------------------------------------------+--------------------+--------------------+


Parallel compilation was disabled, but you have multiple processors available. Enable parallel compilation to reduce compilation time.
+-------------------------------------+
; Parallel Compilation                ;
+----------------------------+--------+
; Processors                 ; Number ;
+----------------------------+--------+
; Number detected on machine ; 16     ;
; Maximum allowed            ; 1      ;
+----------------------------+--------+


+------------------------------------------------------------------------------------------------------------------------------------------------------------+
; Analysis & Synthesis Source Files Read                                                                                                                     ;
+----------------------------------+-----------------+------------------------------+--------------------------------------------------------------+---------+
; File Name with User-Entered Path ; Used in Netlist ; File Type                    ; File Name with Absolute Path                                 ; Library ;
+----------------------------------+-----------------+------------------------------+--------------------------------------------------------------+---------+
; z_register.v                     ; yes             ; User Verilog HDL File        ; C:/code/374pt2/ELEC374part2/ELEC374part2/z_register.v        ;         ;
; sub_32bit.v                      ; yes             ; User Verilog HDL File        ; C:/code/374pt2/ELEC374part2/ELEC374part2/sub_32bit.v         ;         ;
; Register.v                       ; yes             ; User Verilog HDL File        ; C:/code/374pt2/ELEC374part2/ELEC374part2/Register.v          ;         ;
; negate.v                         ; yes             ; User Verilog HDL File        ; C:/code/374pt2/ELEC374part2/ELEC374part2/negate.v            ;         ;
; multiplexer32to1.v               ; yes             ; User Verilog HDL File        ; C:/code/374pt2/ELEC374part2/ELEC374part2/multiplexer32to1.v  ;         ;
; multiplexer.v                    ; yes             ; User Verilog HDL File        ; C:/code/374pt2/ELEC374part2/ELEC374part2/multiplexer.v       ;         ;
; mul_32bit.v                      ; yes             ; User Verilog HDL File        ; C:/code/374pt2/ELEC374part2/ELEC374part2/mul_32bit.v         ;         ;
; MDR.v                            ; yes             ; User Verilog HDL File        ; C:/code/374pt2/ELEC374part2/ELEC374part2/MDR.v               ;         ;
; encoder.v                        ; yes             ; User Verilog HDL File        ; C:/code/374pt2/ELEC374part2/ELEC374part2/encoder.v           ;         ;
; div_32bit.v                      ; yes             ; User Verilog HDL File        ; C:/code/374pt2/ELEC374part2/ELEC374part2/div_32bit.v         ;         ;
; datapath.v                       ; yes             ; User Verilog HDL File        ; C:/code/374pt2/ELEC374part2/ELEC374part2/datapath.v          ;         ;
; bidirectional_bus.v              ; yes             ; User Verilog HDL File        ; C:/code/374pt2/ELEC374part2/ELEC374part2/bidirectional_bus.v ;         ;
; ALU.v                            ; yes             ; User Verilog HDL File        ; C:/code/374pt2/ELEC374part2/ELEC374part2/ALU.v               ;         ;
; add_32.v                         ; yes             ; User Verilog HDL File        ; C:/code/374pt2/ELEC374part2/ELEC374part2/add_32.v            ;         ;
; pc.v                             ; yes             ; Auto-Found Verilog HDL File  ; C:/code/374pt2/ELEC374part2/ELEC374part2/pc.v                ;         ;
; not_32bit.v                      ; yes             ; Auto-Found Verilog HDL File  ; C:/code/374pt2/ELEC374part2/ELEC374part2/not_32bit.v         ;         ;
+----------------------------------+-----------------+------------------------------+--------------------------------------------------------------+---------+


+---------------------------------------------+
; Analysis & Synthesis Resource Usage Summary ;
+--------------------------+------------------+
; Resource                 ; Usage            ;
+--------------------------+------------------+
; I/O pins                 ; 830              ;
; DSP block 9-bit elements ; 0                ;
; Maximum fan-out node     ; clr~input        ;
; Maximum fan-out          ; 705              ;
; Total fan-out            ; 17995            ;
; Average fan-out          ; 2.81             ;
+--------------------------+------------------+


+-------------------------------------------------------------------------------------------------------------------------------------------------------------------------------------------------------------------------------------------------------+
; Analysis & Synthesis Resource Utilization by Entity                                                                                                                                                                                                   ;
+------------------------------------------+-------------------+--------------+-------------+--------------+---------+-----------+-----------+------+--------------+---------------------------------------------------------------------+--------------+
; Compilation Hierarchy Node               ; LC Combinationals ; LC Registers ; Memory Bits ; DSP Elements ; DSP 9x9 ; DSP 18x18 ; DSP 36x36 ; Pins ; Virtual Pins ; Full Hierarchy Name                                                 ; Library Name ;
+------------------------------------------+-------------------+--------------+-------------+--------------+---------+-----------+-----------+------+--------------+---------------------------------------------------------------------+--------------+
; |datapath                                ; 4036 (0)          ; 704 (0)      ; 0           ; 0            ; 0       ; 0         ; 0         ; 830  ; 0            ; |datapath                                                           ; work         ;
;    |ALU:alu_instance|                    ; 3446 (1028)       ; 0 (0)        ; 0           ; 0            ; 0       ; 0         ; 0         ; 0    ; 0            ; |datapath|ALU:alu_instance                                          ; work         ;
;       |add_32_bit:adding|                ; 92 (0)            ; 0 (0)        ; 0           ; 0            ; 0       ; 0         ; 0         ; 0    ; 0            ; |datapath|ALU:alu_instance|add_32_bit:adding                        ; work         ;
;          |CLA16:CLA1|                    ; 44 (0)            ; 0 (0)        ; 0           ; 0            ; 0       ; 0         ; 0         ; 0    ; 0            ; |datapath|ALU:alu_instance|add_32_bit:adding|CLA16:CLA1             ; work         ;
;             |CLA4:CLA1|                  ; 9 (9)             ; 0 (0)        ; 0           ; 0            ; 0       ; 0         ; 0         ; 0    ; 0            ; |datapath|ALU:alu_instance|add_32_bit:adding|CLA16:CLA1|CLA4:CLA1   ; work         ;
;             |CLA4:CLA2|                  ; 12 (12)           ; 0 (0)        ; 0           ; 0            ; 0       ; 0         ; 0         ; 0    ; 0            ; |datapath|ALU:alu_instance|add_32_bit:adding|CLA16:CLA1|CLA4:CLA2   ; work         ;
;             |CLA4:CLA3|                  ; 10 (10)           ; 0 (0)        ; 0           ; 0            ; 0       ; 0         ; 0         ; 0    ; 0            ; |datapath|ALU:alu_instance|add_32_bit:adding|CLA16:CLA1|CLA4:CLA3   ; work         ;
;             |CLA4:CLA4|                  ; 13 (13)           ; 0 (0)        ; 0           ; 0            ; 0       ; 0         ; 0         ; 0    ; 0            ; |datapath|ALU:alu_instance|add_32_bit:adding|CLA16:CLA1|CLA4:CLA4   ; work         ;
;          |CLA16:CLA2|                    ; 48 (0)            ; 0 (0)        ; 0           ; 0            ; 0       ; 0         ; 0         ; 0    ; 0            ; |datapath|ALU:alu_instance|add_32_bit:adding|CLA16:CLA2             ; work         ;
;             |CLA4:CLA1|                  ; 13 (13)           ; 0 (0)        ; 0           ; 0            ; 0       ; 0         ; 0         ; 0    ; 0            ; |datapath|ALU:alu_instance|add_32_bit:adding|CLA16:CLA2|CLA4:CLA1   ; work         ;
;             |CLA4:CLA2|                  ; 13 (13)           ; 0 (0)        ; 0           ; 0            ; 0       ; 0         ; 0         ; 0    ; 0            ; |datapath|ALU:alu_instance|add_32_bit:adding|CLA16:CLA2|CLA4:CLA2   ; work         ;
;             |CLA4:CLA3|                  ; 13 (13)           ; 0 (0)        ; 0           ; 0            ; 0       ; 0         ; 0         ; 0    ; 0            ; |datapath|ALU:alu_instance|add_32_bit:adding|CLA16:CLA2|CLA4:CLA3   ; work         ;
;             |CLA4:CLA4|                  ; 9 (9)             ; 0 (0)        ; 0           ; 0            ; 0       ; 0         ; 0         ; 0    ; 0            ; |datapath|ALU:alu_instance|add_32_bit:adding|CLA16:CLA2|CLA4:CLA4   ; work         ;
;       |div_32bit:division|               ; 235 (235)         ; 0 (0)        ; 0           ; 0            ; 0       ; 0         ; 0         ; 0    ; 0            ; |datapath|ALU:alu_instance|div_32bit:division                       ; work         ;
;       |mul_32bit:multiply|               ; 2091 (2091)       ; 0 (0)        ; 0           ; 0            ; 0       ; 0         ; 0         ; 0    ; 0            ; |datapath|ALU:alu_instance|mul_32bit:multiply                       ; work         ;
;    |MDR:MDR_register|                    ; 32 (0)            ; 32 (0)       ; 0           ; 0            ; 0       ; 0         ; 0         ; 0    ; 0            ; |datapath|MDR:MDR_register                                          ; work         ;
;       |Register:MDRregister|             ; 32 (32)           ; 32 (32)      ; 0           ; 0            ; 0       ; 0         ; 0         ; 0    ; 0            ; |datapath|MDR:MDR_register|Register:MDRregister                     ; work         ;
;    |PC:PC|                               ; 33 (33)           ; 32 (32)      ; 0           ; 0            ; 0       ; 0         ; 0         ; 0    ; 0            ; |datapath|PC:PC                                                     ; work         ;
;    |Register:hi|                         ; 0 (0)             ; 32 (32)      ; 0           ; 0            ; 0       ; 0         ; 0         ; 0    ; 0            ; |datapath|Register:hi                                               ; work         ;
;    |Register:lo|                         ; 0 (0)             ; 32 (32)      ; 0           ; 0            ; 0       ; 0         ; 0         ; 0    ; 0            ; |datapath|Register:lo                                               ; work         ;
;    |Register:r0|                         ; 0 (0)             ; 32 (32)      ; 0           ; 0            ; 0       ; 0         ; 0         ; 0    ; 0            ; |datapath|Register:r0                                               ; work         ;
;    |Register:r10|                        ; 0 (0)             ; 32 (32)      ; 0           ; 0            ; 0       ; 0         ; 0         ; 0    ; 0            ; |datapath|Register:r10                                              ; work         ;
;    |Register:r11|                        ; 0 (0)             ; 32 (32)      ; 0           ; 0            ; 0       ; 0         ; 0         ; 0    ; 0            ; |datapath|Register:r11                                              ; work         ;
;    |Register:r12|                        ; 0 (0)             ; 32 (32)      ; 0           ; 0            ; 0       ; 0         ; 0         ; 0    ; 0            ; |datapath|Register:r12                                              ; work         ;
;    |Register:r13|                        ; 0 (0)             ; 32 (32)      ; 0           ; 0            ; 0       ; 0         ; 0         ; 0    ; 0            ; |datapath|Register:r13                                              ; work         ;
;    |Register:r14|                        ; 0 (0)             ; 32 (32)      ; 0           ; 0            ; 0       ; 0         ; 0         ; 0    ; 0            ; |datapath|Register:r14                                              ; work         ;
;    |Register:r15|                        ; 0 (0)             ; 32 (32)      ; 0           ; 0            ; 0       ; 0         ; 0         ; 0    ; 0            ; |datapath|Register:r15                                              ; work         ;
;    |Register:r1|                         ; 0 (0)             ; 32 (32)      ; 0           ; 0            ; 0       ; 0         ; 0         ; 0    ; 0            ; |datapath|Register:r1                                               ; work         ;
;    |Register:r2|                         ; 0 (0)             ; 32 (32)      ; 0           ; 0            ; 0       ; 0         ; 0         ; 0    ; 0            ; |datapath|Register:r2                                               ; work         ;
;    |Register:r3|                         ; 0 (0)             ; 32 (32)      ; 0           ; 0            ; 0       ; 0         ; 0         ; 0    ; 0            ; |datapath|Register:r3                                               ; work         ;
;    |Register:r4|                         ; 0 (0)             ; 32 (32)      ; 0           ; 0            ; 0       ; 0         ; 0         ; 0    ; 0            ; |datapath|Register:r4                                               ; work         ;
;    |Register:r5|                         ; 0 (0)             ; 32 (32)      ; 0           ; 0            ; 0       ; 0         ; 0         ; 0    ; 0            ; |datapath|Register:r5                                               ; work         ;
;    |Register:r6|                         ; 0 (0)             ; 32 (32)      ; 0           ; 0            ; 0       ; 0         ; 0         ; 0    ; 0            ; |datapath|Register:r6                                               ; work         ;
;    |Register:r7|                         ; 0 (0)             ; 32 (32)      ; 0           ; 0            ; 0       ; 0         ; 0         ; 0    ; 0            ; |datapath|Register:r7                                               ; work         ;
;    |Register:r8|                         ; 0 (0)             ; 32 (32)      ; 0           ; 0            ; 0       ; 0         ; 0         ; 0    ; 0            ; |datapath|Register:r8                                               ; work         ;
;    |Register:r9|                         ; 0 (0)             ; 32 (32)      ; 0           ; 0            ; 0       ; 0         ; 0         ; 0    ; 0            ; |datapath|Register:r9                                               ; work         ;
;    |Register:y|                          ; 0 (0)             ; 32 (32)      ; 0           ; 0            ; 0       ; 0         ; 0         ; 0    ; 0            ; |datapath|Register:y                                                ; work         ;
;    |Register:zhi|                        ; 0 (0)             ; 32 (32)      ; 0           ; 0            ; 0       ; 0         ; 0         ; 0    ; 0            ; |datapath|Register:zhi                                              ; work         ;
;    |bidirectional_bus:my_bus|            ; 525 (0)           ; 0 (0)        ; 0           ; 0            ; 0       ; 0         ; 0         ; 0    ; 0            ; |datapath|bidirectional_bus:my_bus                                  ; work         ;
;       |encoder_32to5:bus_encoder|        ; 36 (36)           ; 0 (0)        ; 0           ; 0            ; 0       ; 0         ; 0         ; 0    ; 0            ; |datapath|bidirectional_bus:my_bus|encoder_32to5:bus_encoder        ; work         ;
;       |multiplexer32to1:bus_multiplexer| ; 489 (489)         ; 0 (0)        ; 0           ; 0            ; 0       ; 0         ; 0         ; 0    ; 0            ; |datapath|bidirectional_bus:my_bus|multiplexer32to1:bus_multiplexer ; work         ;
+------------------------------------------+-------------------+--------------+-------------+--------------+---------+-----------+-----------+------+--------------+---------------------------------------------------------------------+--------------+
Note: For table entries with two numbers listed, the numbers in parentheses indicate the number of resources of the given type used by the specific entity alone. The numbers listed outside of parentheses indicate the total resources of the given type used by the specific entity and all of its sub-entities in the hierarchy.


+-------------------------------------------------------------------------------------------------------------------------------+
; User-Specified and Inferred Latches                                                                                           ;
+------------------------------------------------------+-----------------------------------------------+------------------------+
; Latch Name                                           ; Latch Enable Signal                           ; Free of Timing Hazards ;
+------------------------------------------------------+-----------------------------------------------+------------------------+
; ALU:alu_instance|C_reg[0]                            ; ALU:alu_instance|Mux64                        ; yes                    ;
; ALU:alu_instance|C_reg[1]                            ; ALU:alu_instance|Mux64                        ; yes                    ;
; ALU:alu_instance|C_reg[2]                            ; ALU:alu_instance|Mux64                        ; yes                    ;
; ALU:alu_instance|C_reg[3]                            ; ALU:alu_instance|Mux64                        ; yes                    ;
; ALU:alu_instance|C_reg[4]                            ; ALU:alu_instance|Mux64                        ; yes                    ;
; ALU:alu_instance|C_reg[5]                            ; ALU:alu_instance|Mux64                        ; yes                    ;
; ALU:alu_instance|C_reg[6]                            ; ALU:alu_instance|Mux64                        ; yes                    ;
; ALU:alu_instance|C_reg[7]                            ; ALU:alu_instance|Mux64                        ; yes                    ;
; ALU:alu_instance|C_reg[8]                            ; ALU:alu_instance|Mux64                        ; yes                    ;
; ALU:alu_instance|C_reg[9]                            ; ALU:alu_instance|Mux64                        ; yes                    ;
; ALU:alu_instance|C_reg[10]                           ; ALU:alu_instance|Mux64                        ; yes                    ;
; ALU:alu_instance|C_reg[11]                           ; ALU:alu_instance|Mux64                        ; yes                    ;
; ALU:alu_instance|C_reg[12]                           ; ALU:alu_instance|Mux64                        ; yes                    ;
; ALU:alu_instance|C_reg[13]                           ; ALU:alu_instance|Mux64                        ; yes                    ;
; ALU:alu_instance|C_reg[14]                           ; ALU:alu_instance|Mux64                        ; yes                    ;
; ALU:alu_instance|C_reg[15]                           ; ALU:alu_instance|Mux64                        ; yes                    ;
; ALU:alu_instance|C_reg[16]                           ; ALU:alu_instance|Mux64                        ; yes                    ;
; ALU:alu_instance|C_reg[17]                           ; ALU:alu_instance|Mux64                        ; yes                    ;
; ALU:alu_instance|C_reg[18]                           ; ALU:alu_instance|Mux64                        ; yes                    ;
; ALU:alu_instance|C_reg[19]                           ; ALU:alu_instance|Mux64                        ; yes                    ;
; ALU:alu_instance|C_reg[20]                           ; ALU:alu_instance|Mux64                        ; yes                    ;
; ALU:alu_instance|C_reg[21]                           ; ALU:alu_instance|Mux64                        ; yes                    ;
; ALU:alu_instance|C_reg[22]                           ; ALU:alu_instance|Mux64                        ; yes                    ;
; ALU:alu_instance|C_reg[23]                           ; ALU:alu_instance|Mux64                        ; yes                    ;
; ALU:alu_instance|C_reg[24]                           ; ALU:alu_instance|Mux64                        ; yes                    ;
; ALU:alu_instance|C_reg[25]                           ; ALU:alu_instance|Mux64                        ; yes                    ;
; ALU:alu_instance|C_reg[26]                           ; ALU:alu_instance|Mux64                        ; yes                    ;
; ALU:alu_instance|C_reg[27]                           ; ALU:alu_instance|Mux64                        ; yes                    ;
; ALU:alu_instance|C_reg[28]                           ; ALU:alu_instance|Mux64                        ; yes                    ;
; ALU:alu_instance|C_reg[29]                           ; ALU:alu_instance|Mux64                        ; yes                    ;
; ALU:alu_instance|C_reg[30]                           ; ALU:alu_instance|Mux64                        ; yes                    ;
; ALU:alu_instance|C_reg[31]                           ; ALU:alu_instance|Mux64                        ; yes                    ;
; ALU:alu_instance|C_reg[32]                           ; ALU:alu_instance|Mux64                        ; yes                    ;
; ALU:alu_instance|C_reg[33]                           ; ALU:alu_instance|Mux64                        ; yes                    ;
; ALU:alu_instance|C_reg[34]                           ; ALU:alu_instance|Mux64                        ; yes                    ;
; ALU:alu_instance|C_reg[35]                           ; ALU:alu_instance|Mux64                        ; yes                    ;
; ALU:alu_instance|C_reg[36]                           ; ALU:alu_instance|Mux64                        ; yes                    ;
; ALU:alu_instance|C_reg[37]                           ; ALU:alu_instance|Mux64                        ; yes                    ;
; ALU:alu_instance|C_reg[38]                           ; ALU:alu_instance|Mux64                        ; yes                    ;
; ALU:alu_instance|C_reg[39]                           ; ALU:alu_instance|Mux64                        ; yes                    ;
; ALU:alu_instance|C_reg[40]                           ; ALU:alu_instance|Mux64                        ; yes                    ;
; ALU:alu_instance|C_reg[41]                           ; ALU:alu_instance|Mux64                        ; yes                    ;
; ALU:alu_instance|C_reg[42]                           ; ALU:alu_instance|Mux64                        ; yes                    ;
; ALU:alu_instance|C_reg[43]                           ; ALU:alu_instance|Mux64                        ; yes                    ;
; ALU:alu_instance|C_reg[44]                           ; ALU:alu_instance|Mux64                        ; yes                    ;
; ALU:alu_instance|C_reg[45]                           ; ALU:alu_instance|Mux64                        ; yes                    ;
; ALU:alu_instance|C_reg[46]                           ; ALU:alu_instance|Mux64                        ; yes                    ;
; ALU:alu_instance|C_reg[47]                           ; ALU:alu_instance|Mux64                        ; yes                    ;
; ALU:alu_instance|C_reg[48]                           ; ALU:alu_instance|Mux64                        ; yes                    ;
; ALU:alu_instance|C_reg[49]                           ; ALU:alu_instance|Mux64                        ; yes                    ;
; ALU:alu_instance|C_reg[50]                           ; ALU:alu_instance|Mux64                        ; yes                    ;
; ALU:alu_instance|C_reg[51]                           ; ALU:alu_instance|Mux64                        ; yes                    ;
; ALU:alu_instance|C_reg[52]                           ; ALU:alu_instance|Mux64                        ; yes                    ;
; ALU:alu_instance|C_reg[53]                           ; ALU:alu_instance|Mux64                        ; yes                    ;
; ALU:alu_instance|C_reg[54]                           ; ALU:alu_instance|Mux64                        ; yes                    ;
; ALU:alu_instance|C_reg[55]                           ; ALU:alu_instance|Mux64                        ; yes                    ;
; ALU:alu_instance|C_reg[56]                           ; ALU:alu_instance|Mux64                        ; yes                    ;
; ALU:alu_instance|C_reg[57]                           ; ALU:alu_instance|Mux64                        ; yes                    ;
; ALU:alu_instance|C_reg[58]                           ; ALU:alu_instance|Mux64                        ; yes                    ;
; ALU:alu_instance|C_reg[59]                           ; ALU:alu_instance|Mux64                        ; yes                    ;
; ALU:alu_instance|C_reg[60]                           ; ALU:alu_instance|Mux64                        ; yes                    ;
; ALU:alu_instance|C_reg[61]                           ; ALU:alu_instance|Mux64                        ; yes                    ;
; ALU:alu_instance|C_reg[62]                           ; ALU:alu_instance|Mux64                        ; yes                    ;
; ALU:alu_instance|C_reg[63]                           ; ALU:alu_instance|Mux64                        ; yes                    ;
; ALU:alu_instance|div_32bit:division|A_reg[0]         ; ALU:alu_instance|div_32bit:division|LessThan0 ; yes                    ;
; ALU:alu_instance|div_32bit:division|A_reg[1]         ; ALU:alu_instance|div_32bit:division|LessThan0 ; yes                    ;
; ALU:alu_instance|div_32bit:division|A_reg[2]         ; ALU:alu_instance|div_32bit:division|LessThan0 ; yes                    ;
; ALU:alu_instance|div_32bit:division|A_reg[3]         ; ALU:alu_instance|div_32bit:division|LessThan0 ; yes                    ;
; ALU:alu_instance|div_32bit:division|A_reg[4]         ; ALU:alu_instance|div_32bit:division|LessThan0 ; yes                    ;
; ALU:alu_instance|div_32bit:division|A_reg[5]         ; ALU:alu_instance|div_32bit:division|LessThan0 ; yes                    ;
; ALU:alu_instance|div_32bit:division|A_reg[6]         ; ALU:alu_instance|div_32bit:division|LessThan0 ; yes                    ;
; ALU:alu_instance|div_32bit:division|A_reg[7]         ; ALU:alu_instance|div_32bit:division|LessThan0 ; yes                    ;
; ALU:alu_instance|div_32bit:division|A_reg[8]         ; ALU:alu_instance|div_32bit:division|LessThan0 ; yes                    ;
; ALU:alu_instance|div_32bit:division|A_reg[9]         ; ALU:alu_instance|div_32bit:division|LessThan0 ; yes                    ;
; ALU:alu_instance|div_32bit:division|A_reg[10]        ; ALU:alu_instance|div_32bit:division|LessThan0 ; yes                    ;
; ALU:alu_instance|div_32bit:division|A_reg[11]        ; ALU:alu_instance|div_32bit:division|LessThan0 ; yes                    ;
; ALU:alu_instance|div_32bit:division|A_reg[12]        ; ALU:alu_instance|div_32bit:division|LessThan0 ; yes                    ;
; ALU:alu_instance|div_32bit:division|A_reg[13]        ; ALU:alu_instance|div_32bit:division|LessThan0 ; yes                    ;
; ALU:alu_instance|div_32bit:division|A_reg[14]        ; ALU:alu_instance|div_32bit:division|LessThan0 ; yes                    ;
; ALU:alu_instance|div_32bit:division|A_reg[15]        ; ALU:alu_instance|div_32bit:division|LessThan0 ; yes                    ;
; ALU:alu_instance|div_32bit:division|A_reg[16]        ; ALU:alu_instance|div_32bit:division|LessThan0 ; yes                    ;
; ALU:alu_instance|div_32bit:division|A_reg[17]        ; ALU:alu_instance|div_32bit:division|LessThan0 ; yes                    ;
; ALU:alu_instance|div_32bit:division|A_reg[18]        ; ALU:alu_instance|div_32bit:division|LessThan0 ; yes                    ;
; ALU:alu_instance|div_32bit:division|A_reg[19]        ; ALU:alu_instance|div_32bit:division|LessThan0 ; yes                    ;
; ALU:alu_instance|div_32bit:division|A_reg[20]        ; ALU:alu_instance|div_32bit:division|LessThan0 ; yes                    ;
; ALU:alu_instance|div_32bit:division|A_reg[21]        ; ALU:alu_instance|div_32bit:division|LessThan0 ; yes                    ;
; ALU:alu_instance|div_32bit:division|A_reg[22]        ; ALU:alu_instance|div_32bit:division|LessThan0 ; yes                    ;
; ALU:alu_instance|div_32bit:division|A_reg[23]        ; ALU:alu_instance|div_32bit:division|LessThan0 ; yes                    ;
; ALU:alu_instance|div_32bit:division|A_reg[24]        ; ALU:alu_instance|div_32bit:division|LessThan0 ; yes                    ;
; ALU:alu_instance|div_32bit:division|A_reg[25]        ; ALU:alu_instance|div_32bit:division|LessThan0 ; yes                    ;
; ALU:alu_instance|div_32bit:division|A_reg[26]        ; ALU:alu_instance|div_32bit:division|LessThan0 ; yes                    ;
; ALU:alu_instance|div_32bit:division|A_reg[27]        ; ALU:alu_instance|div_32bit:division|LessThan0 ; yes                    ;
; ALU:alu_instance|div_32bit:division|A_reg[28]        ; ALU:alu_instance|div_32bit:division|LessThan0 ; yes                    ;
; ALU:alu_instance|div_32bit:division|A_reg[29]        ; ALU:alu_instance|div_32bit:division|LessThan0 ; yes                    ;
; ALU:alu_instance|div_32bit:division|A_reg[30]        ; ALU:alu_instance|div_32bit:division|LessThan0 ; yes                    ;
; ALU:alu_instance|div_32bit:division|A_reg[31]        ; ALU:alu_instance|div_32bit:division|LessThan0 ; yes                    ;
; ALU:alu_instance|div_32bit:division|Q_reg[0]         ; ALU:alu_instance|div_32bit:division|LessThan0 ; yes                    ;
; ALU:alu_instance|div_32bit:division|Q_reg[1]         ; ALU:alu_instance|div_32bit:division|LessThan0 ; yes                    ;
; ALU:alu_instance|div_32bit:division|Q_reg[2]         ; ALU:alu_instance|div_32bit:division|LessThan0 ; yes                    ;
; ALU:alu_instance|div_32bit:division|Q_reg[3]         ; ALU:alu_instance|div_32bit:division|LessThan0 ; yes                    ;
; Number of user-specified and inferred latches = 160  ;                                               ;                        ;
+------------------------------------------------------+-----------------------------------------------+------------------------+
Table restricted to first 100 entries. Note: All latches listed above may not be present at the end of synthesis due to various synthesis optimizations.


+------------------------------------------------------+
; General Register Statistics                          ;
+----------------------------------------------+-------+
; Statistic                                    ; Value ;
+----------------------------------------------+-------+
; Total registers                              ; 704   ;
; Number of registers using Synchronous Clear  ; 32    ;
; Number of registers using Synchronous Load   ; 64    ;
; Number of registers using Asynchronous Clear ; 672   ;
; Number of registers using Asynchronous Load  ; 0     ;
; Number of registers using Clock Enable       ; 704   ;
; Number of registers using Preset             ; 0     ;
+----------------------------------------------+-------+


+-----------------------------------------------------------------------------------------------------------------------------------------------------------------------------------------+
; Multiplexer Restructuring Statistics (Restructuring Performed)                                                                                                                          ;
+--------------------+-----------+---------------+----------------------+------------------------+------------+---------------------------------------------------------------------------+
; Multiplexer Inputs ; Bus Width ; Baseline Area ; Area if Restructured ; Saving if Restructured ; Registered ; Example Multiplexer Output                                                ;
+--------------------+-----------+---------------+----------------------+------------------------+------------+---------------------------------------------------------------------------+
; 4:1                ; 32 bits   ; 64 LEs        ; 64 LEs               ; 0 LEs                  ; Yes        ; |datapath|PC:PC|Q[2]                                                      ;
; 3:1                ; 2 bits    ; 4 LEs         ; 4 LEs                ; 0 LEs                  ; No         ; |datapath|ALU:alu_instance|ShiftLeft1                                     ;
; 3:1                ; 63 bits   ; 126 LEs       ; 63 LEs               ; 63 LEs                 ; No         ; |datapath|ALU:alu_instance|ShiftRight0                                    ;
; 3:1                ; 62 bits   ; 124 LEs       ; 62 LEs               ; 62 LEs                 ; No         ; |datapath|ALU:alu_instance|ShiftRight1                                    ;
; 4:1                ; 29 bits   ; 58 LEs        ; 58 LEs               ; 0 LEs                  ; No         ; |datapath|ALU:alu_instance|mul_32bit:multiply|Mux5                        ;
; 6:1                ; 31 bits   ; 124 LEs       ; 93 LEs               ; 31 LEs                 ; No         ; |datapath|ALU:alu_instance|mul_32bit:multiply|Mux56                       ;
; 6:1                ; 30 bits   ; 120 LEs       ; 90 LEs               ; 30 LEs                 ; No         ; |datapath|ALU:alu_instance|mul_32bit:multiply|Mux77                       ;
; 6:1                ; 30 bits   ; 120 LEs       ; 90 LEs               ; 30 LEs                 ; No         ; |datapath|ALU:alu_instance|mul_32bit:multiply|Mux145                      ;
; 6:1                ; 30 bits   ; 120 LEs       ; 90 LEs               ; 30 LEs                 ; No         ; |datapath|ALU:alu_instance|mul_32bit:multiply|Mux199                      ;
; 6:1                ; 30 bits   ; 120 LEs       ; 90 LEs               ; 30 LEs                 ; No         ; |datapath|ALU:alu_instance|mul_32bit:multiply|Mux294                      ;
; 6:1                ; 30 bits   ; 120 LEs       ; 90 LEs               ; 30 LEs                 ; No         ; |datapath|ALU:alu_instance|mul_32bit:multiply|Mux358                      ;
; 6:1                ; 30 bits   ; 120 LEs       ; 90 LEs               ; 30 LEs                 ; No         ; |datapath|ALU:alu_instance|mul_32bit:multiply|Mux397                      ;
; 6:1                ; 30 bits   ; 120 LEs       ; 90 LEs               ; 30 LEs                 ; No         ; |datapath|ALU:alu_instance|mul_32bit:multiply|Mux479                      ;
; 32:1               ; 32 bits   ; 672 LEs       ; 480 LEs              ; 192 LEs                ; No         ; |datapath|bidirectional_bus:my_bus|multiplexer32to1:bus_multiplexer|Mux18 ;
; 10:1               ; 30 bits   ; 180 LEs       ; 180 LEs              ; 0 LEs                  ; No         ; |datapath|ALU:alu_instance|Mux2                                           ;
; 8:1                ; 30 bits   ; 150 LEs       ; 90 LEs               ; 60 LEs                 ; No         ; |datapath|ALU:alu_instance|mul_32bit:multiply|Mux129                      ;
; 8:1                ; 30 bits   ; 150 LEs       ; 90 LEs               ; 60 LEs                 ; No         ; |datapath|ALU:alu_instance|mul_32bit:multiply|Mux174                      ;
; 8:1                ; 30 bits   ; 150 LEs       ; 90 LEs               ; 60 LEs                 ; No         ; |datapath|ALU:alu_instance|mul_32bit:multiply|Mux257                      ;
; 8:1                ; 30 bits   ; 150 LEs       ; 90 LEs               ; 60 LEs                 ; No         ; |datapath|ALU:alu_instance|mul_32bit:multiply|Mux303                      ;
; 8:1                ; 30 bits   ; 150 LEs       ; 90 LEs               ; 60 LEs                 ; No         ; |datapath|ALU:alu_instance|mul_32bit:multiply|Mux369                      ;
; 8:1                ; 30 bits   ; 150 LEs       ; 90 LEs               ; 60 LEs                 ; No         ; |datapath|ALU:alu_instance|mul_32bit:multiply|Mux447                      ;
; 8:1                ; 30 bits   ; 150 LEs       ; 90 LEs               ; 60 LEs                 ; No         ; |datapath|ALU:alu_instance|mul_32bit:multiply|Mux518                      ;
; 13:1               ; 31 bits   ; 248 LEs       ; 155 LEs              ; 93 LEs                 ; No         ; |datapath|ALU:alu_instance|Mux59                                          ;
; 22:1               ; 2 bits    ; 28 LEs        ; 28 LEs               ; 0 LEs                  ; No         ; |datapath|bidirectional_bus:my_bus|encoder_32to5:bus_encoder|Yout[2]      ;
; 24:1               ; 2 bits    ; 32 LEs        ; 22 LEs               ; 10 LEs                 ; No         ; |datapath|bidirectional_bus:my_bus|encoder_32to5:bus_encoder|Yout[3]      ;
+--------------------+-----------+---------------+----------------------+------------------------+------------+---------------------------------------------------------------------------+


+---------------------------------------------------------------+
; Parameter Settings for User Entity Instance: ALU:alu_instance ;
+----------------+-------+--------------------------------------+
; Parameter Name ; Value ; Type                                 ;
+----------------+-------+--------------------------------------+
; Add            ; 00011 ; Unsigned Binary                      ;
; Sub            ; 00100 ; Unsigned Binary                      ;
; And            ; 00101 ; Unsigned Binary                      ;
; Or             ; 00110 ; Unsigned Binary                      ;
; Shift_Right    ; 00111 ; Unsigned Binary                      ;
; Shift_RightA   ; 00100 ; Unsigned Binary                      ;
; Shift_Left     ; 01001 ; Unsigned Binary                      ;
; Rotate_Right   ; 01010 ; Unsigned Binary                      ;
; Rotate_Left    ; 01011 ; Unsigned Binary                      ;
; Mul            ; 01111 ; Unsigned Binary                      ;
; Div            ; 10000 ; Unsigned Binary                      ;
; Negate         ; 10001 ; Unsigned Binary                      ;
; Not            ; 10010 ; Unsigned Binary                      ;
+----------------+-------+--------------------------------------+
Note: In order to hide this table in the UI and the text report file, please set the "Show Parameter Settings in Synthesis Report" option in "Analysis and Synthesis Settings -> More Settings" to "Off".


+-------------------------------------------------------------------------------------------------------------------------------------+
; Port Connectivity Checks: "ALU:alu_instance|sub_32bit:subtraction|add_32_bit:negative_sum"                                          ;
+------+--------+----------+----------------------------------------------------------------------------------------------------------+
; Port ; Type   ; Severity ; Details                                                                                                  ;
+------+--------+----------+----------------------------------------------------------------------------------------------------------+
; sum  ; Output ; Warning  ; Declared by entity but not connected by instance. Logic that only feeds a dangling port will be removed. ;
+------+--------+----------+----------------------------------------------------------------------------------------------------------+


+---------------------------------------------------------------------------------------------------------------------+
; Port Connectivity Checks: "ALU:alu_instance|sub_32bit:subtraction|negate_32_bit:negative|add_32_bit:sum_op"         ;
+-----------+--------+----------+-------------------------------------------------------------------------------------+
; Port      ; Type   ; Severity ; Details                                                                             ;
+-----------+--------+----------+-------------------------------------------------------------------------------------+
; Rb[31..1] ; Input  ; Info     ; Stuck at GND                                                                        ;
; Rb[0]     ; Input  ; Info     ; Stuck at VCC                                                                        ;
; cin       ; Input  ; Info     ; Stuck at GND                                                                        ;
; cout      ; Output ; Info     ; Connected to dangling logic. Logic that only feeds a dangling port will be removed. ;
+-----------+--------+----------+-------------------------------------------------------------------------------------+


+-----------------------------------------------------------------------------------------------------------------------------------------------------+
; Port Connectivity Checks: "ALU:alu_instance|sub_32bit:subtraction"                                                                                  ;
+------+--------+----------+--------------------------------------------------------------------------------------------------------------------------+
; Port ; Type   ; Severity ; Details                                                                                                                  ;
+------+--------+----------+--------------------------------------------------------------------------------------------------------------------------+
; sum  ; Output ; Warning  ; Output or bidir port (32 bits) is wider than the port expression (1 bits) it drives; bit(s) "sum[31..1]" have no fanouts ;
+------+--------+----------+--------------------------------------------------------------------------------------------------------------------------+


+----------------------------------------------------------------------------------------------------------------+
; Port Connectivity Checks: "ALU:alu_instance|add_32_bit:adding"                                                 ;
+------+--------+----------+-------------------------------------------------------------------------------------+
; Port ; Type   ; Severity ; Details                                                                             ;
+------+--------+----------+-------------------------------------------------------------------------------------+
; cout ; Output ; Info     ; Connected to dangling logic. Logic that only feeds a dangling port will be removed. ;
+------+--------+----------+-------------------------------------------------------------------------------------+


+------------------------------------------------------------------------------------------------------------------------+
; Port Connectivity Checks: "z_register:z_reg"                                                                           ;
+--------------+--------+----------+-------------------------------------------------------------------------------------+
; Port         ; Type   ; Severity ; Details                                                                             ;
+--------------+--------+----------+-------------------------------------------------------------------------------------+
; ZHighDataOut ; Output ; Info     ; Connected to dangling logic. Logic that only feeds a dangling port will be removed. ;
; ZLowDataOut  ; Output ; Info     ; Connected to dangling logic. Logic that only feeds a dangling port will be removed. ;
+--------------+--------+----------+-------------------------------------------------------------------------------------+


+------------------------------------------------------------------------------------------------------------------------------------------------------------+
; Port Connectivity Checks: "Register:zlo"                                                                                                                   ;
+---------+--------+----------+------------------------------------------------------------------------------------------------------------------------------+
; Port    ; Type   ; Severity ; Details                                                                                                                      ;
+---------+--------+----------+------------------------------------------------------------------------------------------------------------------------------+
; outputQ ; Output ; Warning  ; Output or bidir port (32 bits) is wider than the port expression (1 bits) it drives; bit(s) "outputQ[31..1]" have no fanouts ;
; outputQ ; Output ; Info     ; Connected to dangling logic. Logic that only feeds a dangling port will be removed.                                          ;
+---------+--------+----------+------------------------------------------------------------------------------------------------------------------------------+


+-------------------------------------------------------------------------------------------------------------------+
; Port Connectivity Checks: "Register:MAR"                                                                          ;
+---------+--------+----------+-------------------------------------------------------------------------------------+
; Port    ; Type   ; Severity ; Details                                                                             ;
+---------+--------+----------+-------------------------------------------------------------------------------------+
; outputQ ; Output ; Info     ; Connected to dangling logic. Logic that only feeds a dangling port will be removed. ;
+---------+--------+----------+-------------------------------------------------------------------------------------+


+-------------------------------------------------------------------------------------------------------------------+
; Port Connectivity Checks: "Register:IR"                                                                           ;
+---------+--------+----------+-------------------------------------------------------------------------------------+
; Port    ; Type   ; Severity ; Details                                                                             ;
+---------+--------+----------+-------------------------------------------------------------------------------------+
; outputQ ; Output ; Info     ; Connected to dangling logic. Logic that only feeds a dangling port will be removed. ;
+---------+--------+----------+-------------------------------------------------------------------------------------+


+-------------------------------+
; Elapsed Time Per Partition    ;
+----------------+--------------+
; Partition Name ; Elapsed Time ;
+----------------+--------------+
; Top            ; 00:00:15     ;
+----------------+--------------+


+-------------------------------+
; Analysis & Synthesis Messages ;
+-------------------------------+
Info: *******************************************************************
Info: Running Quartus II 64-Bit Analysis & Synthesis
    Info: Version 13.0.1 Build 232 06/12/2013 Service Pack 1 SJ Web Edition
    Info: Processing started: Mon Mar 13 10:57:28 2023
Info: Command: quartus_map --read_settings_files=on --write_settings_files=off ELEC374 -c Register
Warning (20028): Parallel compilation is not licensed and has been disabled
Info (12021): Found 1 design units, including 1 entities, in source file z_register.v
    Info (12023): Found entity 1: z_register
Info (12021): Found 1 design units, including 1 entities, in source file sub_32bit.v
    Info (12023): Found entity 1: sub_32bit
Info (12021): Found 1 design units, including 1 entities, in source file register.v
    Info (12023): Found entity 1: Register
Info (12021): Found 1 design units, including 1 entities, in source file negate_alutb.v
    Info (12023): Found entity 1: NEGATE_ALUtb
Info (12021): Found 1 design units, including 1 entities, in source file negate.v
    Info (12023): Found entity 1: negate_32_bit
Info (12021): Found 1 design units, including 1 entities, in source file mux2to1tb.v
    Info (12023): Found entity 1: mux2to1TB
Info (12021): Found 1 design units, including 1 entities, in source file multiplexer32to1.v
    Info (12023): Found entity 1: multiplexer32to1
Info (12021): Found 4 design units, including 4 entities, in source file multiplexer.v
    Info (12023): Found entity 1: mux2_1
    Info (12023): Found entity 2: mux8_1
    Info (12023): Found entity 3: mux16_1
    Info (12023): Found entity 4: mux32_1
Info (12021): Found 1 design units, including 1 entities, in source file mul_tb.v
    Info (12023): Found entity 1: multiplexer32to1_tb
Info (12021): Found 1 design units, including 1 entities, in source file mul_alutb.v
    Info (12023): Found entity 1: MUL_ALUtb
Info (12021): Found 1 design units, including 1 entities, in source file mul_32bit.v
    Info (12023): Found entity 1: mul_32bit
Info (12021): Found 1 design units, including 1 entities, in source file mdrtb.v
    Info (12023): Found entity 1: MDRTB
Info (12021): Found 1 design units, including 1 entities, in source file mdr.v
    Info (12023): Found entity 1: MDR
Info (12021): Found 1 design units, including 1 entities, in source file encodertb.v
    Info (12023): Found entity 1: encoderTb
Info (12021): Found 1 design units, including 1 entities, in source file encoder.v
    Info (12023): Found entity 1: encoder_32to5
Info (12021): Found 1 design units, including 1 entities, in source file div_tb.v
    Info (12023): Found entity 1: div_tb
Info (12021): Found 1 design units, including 1 entities, in source file div_alutb.v
    Info (12023): Found entity 1: DIV_ALUtb
Info (12021): Found 1 design units, including 1 entities, in source file div_32bit.v
    Info (12023): Found entity 1: div_32bit
Info (12021): Found 1 design units, including 1 entities, in source file datapath.v
    Info (12023): Found entity 1: datapath
Info (12021): Found 1 design units, including 1 entities, in source file bidirectional_bus.v
    Info (12023): Found entity 1: bidirectional_bus
Info (12021): Found 1 design units, including 1 entities, in source file and_32bit.v
    Info (12023): Found entity 1: and_32bit
Info (12021): Found 1 design units, including 1 entities, in source file alu.v
    Info (12023): Found entity 1: ALU
Info (12021): Found 1 design units, including 1 entities, in source file add_tb.v
    Info (12023): Found entity 1: add_TB
Info (12021): Found 1 design units, including 1 entities, in source file add_alutb.v
    Info (12023): Found entity 1: ADD_ALUtb
Info (12021): Found 3 design units, including 3 entities, in source file add_32.v
    Info (12023): Found entity 1: add_32_bit
    Info (12023): Found entity 2: CLA16
    Info (12023): Found entity 3: CLA4
Warning (10236): Verilog HDL Implicit Net warning at NEGATE_ALUtb.v(19): created implicit net for "testZRegister"
Warning (10236): Verilog HDL Implicit Net warning at MUL_ALUtb.v(19): created implicit net for "testZRegister"
Warning (10236): Verilog HDL Implicit Net warning at DIV_ALUtb.v(19): created implicit net for "testZRegister"
Warning (10236): Verilog HDL Implicit Net warning at datapath.v(81): created implicit net for "busInZLo"
Warning (10236): Verilog HDL Implicit Net warning at ALU.v(37): created implicit net for "sub_out"
Warning (10236): Verilog HDL Implicit Net warning at ADD_ALUtb.v(19): created implicit net for "testZRegister"
Info (12127): Elaborating entity "datapath" for the top level hierarchy
Info (12128): Elaborating entity "Register" for hierarchy "Register:r0"
Warning (12125): Using design file pc.v, which is not specified as a design file for the current project, but contains definitions for 1 design units and 1 entities in project
    Info (12023): Found entity 1: PC
Info (12128): Elaborating entity "PC" for hierarchy "PC:PC"
Info (12128): Elaborating entity "MDR" for hierarchy "MDR:MDR_register"
Info (12128): Elaborating entity "mux2_1" for hierarchy "MDR:MDR_register|mux2_1:my_MDR_Multiplexer"
Info (12128): Elaborating entity "z_register" for hierarchy "z_register:z_reg"
Info (12128): Elaborating entity "ALU" for hierarchy "ALU:alu_instance"
Warning (10272): Verilog HDL Case Statement warning at ALU.v(66): case item expression covers a value already covered by a previous case item
Warning (10270): Verilog HDL Case Statement warning at ALU.v(42): incomplete case statement has no default case item
Warning (10240): Verilog HDL Always Construct warning at ALU.v(42): inferring latch(es) for variable "C_reg", which holds its previous value in one or more paths through the always construct
Info (10041): Inferred latch for "C_reg[0]" at ALU.v(42)
Info (10041): Inferred latch for "C_reg[1]" at ALU.v(42)
Info (10041): Inferred latch for "C_reg[2]" at ALU.v(42)
Info (10041): Inferred latch for "C_reg[3]" at ALU.v(42)
Info (10041): Inferred latch for "C_reg[4]" at ALU.v(42)
Info (10041): Inferred latch for "C_reg[5]" at ALU.v(42)
Info (10041): Inferred latch for "C_reg[6]" at ALU.v(42)
Info (10041): Inferred latch for "C_reg[7]" at ALU.v(42)
Info (10041): Inferred latch for "C_reg[8]" at ALU.v(42)
Info (10041): Inferred latch for "C_reg[9]" at ALU.v(42)
Info (10041): Inferred latch for "C_reg[10]" at ALU.v(42)
Info (10041): Inferred latch for "C_reg[11]" at ALU.v(42)
Info (10041): Inferred latch for "C_reg[12]" at ALU.v(42)
Info (10041): Inferred latch for "C_reg[13]" at ALU.v(42)
Info (10041): Inferred latch for "C_reg[14]" at ALU.v(42)
Info (10041): Inferred latch for "C_reg[15]" at ALU.v(42)
Info (10041): Inferred latch for "C_reg[16]" at ALU.v(42)
Info (10041): Inferred latch for "C_reg[17]" at ALU.v(42)
Info (10041): Inferred latch for "C_reg[18]" at ALU.v(42)
Info (10041): Inferred latch for "C_reg[19]" at ALU.v(42)
Info (10041): Inferred latch for "C_reg[20]" at ALU.v(42)
Info (10041): Inferred latch for "C_reg[21]" at ALU.v(42)
Info (10041): Inferred latch for "C_reg[22]" at ALU.v(42)
Info (10041): Inferred latch for "C_reg[23]" at ALU.v(42)
Info (10041): Inferred latch for "C_reg[24]" at ALU.v(42)
Info (10041): Inferred latch for "C_reg[25]" at ALU.v(42)
Info (10041): Inferred latch for "C_reg[26]" at ALU.v(42)
Info (10041): Inferred latch for "C_reg[27]" at ALU.v(42)
Info (10041): Inferred latch for "C_reg[28]" at ALU.v(42)
Info (10041): Inferred latch for "C_reg[29]" at ALU.v(42)
Info (10041): Inferred latch for "C_reg[30]" at ALU.v(42)
Info (10041): Inferred latch for "C_reg[31]" at ALU.v(42)
Info (10041): Inferred latch for "C_reg[32]" at ALU.v(42)
Info (10041): Inferred latch for "C_reg[33]" at ALU.v(42)
Info (10041): Inferred latch for "C_reg[34]" at ALU.v(42)
Info (10041): Inferred latch for "C_reg[35]" at ALU.v(42)
Info (10041): Inferred latch for "C_reg[36]" at ALU.v(42)
Info (10041): Inferred latch for "C_reg[37]" at ALU.v(42)
Info (10041): Inferred latch for "C_reg[38]" at ALU.v(42)
Info (10041): Inferred latch for "C_reg[39]" at ALU.v(42)
Info (10041): Inferred latch for "C_reg[40]" at ALU.v(42)
Info (10041): Inferred latch for "C_reg[41]" at ALU.v(42)
Info (10041): Inferred latch for "C_reg[42]" at ALU.v(42)
Info (10041): Inferred latch for "C_reg[43]" at ALU.v(42)
Info (10041): Inferred latch for "C_reg[44]" at ALU.v(42)
Info (10041): Inferred latch for "C_reg[45]" at ALU.v(42)
Info (10041): Inferred latch for "C_reg[46]" at ALU.v(42)
Info (10041): Inferred latch for "C_reg[47]" at ALU.v(42)
Info (10041): Inferred latch for "C_reg[48]" at ALU.v(42)
Info (10041): Inferred latch for "C_reg[49]" at ALU.v(42)
Info (10041): Inferred latch for "C_reg[50]" at ALU.v(42)
Info (10041): Inferred latch for "C_reg[51]" at ALU.v(42)
Info (10041): Inferred latch for "C_reg[52]" at ALU.v(42)
Info (10041): Inferred latch for "C_reg[53]" at ALU.v(42)
Info (10041): Inferred latch for "C_reg[54]" at ALU.v(42)
Info (10041): Inferred latch for "C_reg[55]" at ALU.v(42)
Info (10041): Inferred latch for "C_reg[56]" at ALU.v(42)
Info (10041): Inferred latch for "C_reg[57]" at ALU.v(42)
Info (10041): Inferred latch for "C_reg[58]" at ALU.v(42)
Info (10041): Inferred latch for "C_reg[59]" at ALU.v(42)
Info (10041): Inferred latch for "C_reg[60]" at ALU.v(42)
Info (10041): Inferred latch for "C_reg[61]" at ALU.v(42)
Info (10041): Inferred latch for "C_reg[62]" at ALU.v(42)
Info (10041): Inferred latch for "C_reg[63]" at ALU.v(42)
Info (12128): Elaborating entity "add_32_bit" for hierarchy "ALU:alu_instance|add_32_bit:adding"
Info (12128): Elaborating entity "CLA16" for hierarchy "ALU:alu_instance|add_32_bit:adding|CLA16:CLA1"
Info (12128): Elaborating entity "CLA4" for hierarchy "ALU:alu_instance|add_32_bit:adding|CLA16:CLA1|CLA4:CLA1"
Info (12128): Elaborating entity "mul_32bit" for hierarchy "ALU:alu_instance|mul_32bit:multiply"
Warning (10199): Verilog HDL Case Statement warning at mul_32bit.v(23): case item expression never matches the case expression
Warning (10199): Verilog HDL Case Statement warning at mul_32bit.v(25): case item expression never matches the case expression
Warning (10199): Verilog HDL Case Statement warning at mul_32bit.v(27): case item expression never matches the case expression
Warning (10230): Verilog HDL assignment warning at mul_32bit.v(34): truncated value with size 66 to match size of target (64)
Info (12128): Elaborating entity "sub_32bit" for hierarchy "ALU:alu_instance|sub_32bit:subtraction"
Warning (10034): Output port "sum" at sub_32bit.v(1) has no driver
Info (12128): Elaborating entity "negate_32_bit" for hierarchy "ALU:alu_instance|sub_32bit:subtraction|negate_32_bit:negative"
Warning (12125): Using design file not_32bit.v, which is not specified as a design file for the current project, but contains definitions for 1 design units and 1 entities in project
    Info (12023): Found entity 1: not_32bit
Info (12128): Elaborating entity "not_32bit" for hierarchy "ALU:alu_instance|sub_32bit:subtraction|negate_32_bit:negative|not_32bit:not_op"
Info (12128): Elaborating entity "div_32bit" for hierarchy "ALU:alu_instance|div_32bit:division"
Warning (10855): Verilog HDL warning at div_32bit.v(10): initial value for variable Q_reg should be constant
Warning (10240): Verilog HDL Always Construct warning at div_32bit.v(17): inferring latch(es) for variable "A_reg", which holds its previous value in one or more paths through the always construct
Warning (10240): Verilog HDL Always Construct warning at div_32bit.v(17): inferring latch(es) for variable "Q_reg", which holds its previous value in one or more paths through the always construct
Warning (10240): Verilog HDL Always Construct warning at div_32bit.v(17): inferring latch(es) for variable "count", which holds its previous value in one or more paths through the always construct
Info (10041): Inferred latch for "count[0]" at div_32bit.v(17)
Info (10041): Inferred latch for "count[1]" at div_32bit.v(17)
Info (10041): Inferred latch for "count[2]" at div_32bit.v(17)
Info (10041): Inferred latch for "count[3]" at div_32bit.v(17)
Info (10041): Inferred latch for "count[4]" at div_32bit.v(17)
Info (10041): Inferred latch for "count[5]" at div_32bit.v(17)
Info (10041): Inferred latch for "count[6]" at div_32bit.v(17)
Info (10041): Inferred latch for "count[7]" at div_32bit.v(17)
Info (10041): Inferred latch for "count[8]" at div_32bit.v(17)
Info (10041): Inferred latch for "count[9]" at div_32bit.v(17)
Info (10041): Inferred latch for "count[10]" at div_32bit.v(17)
Info (10041): Inferred latch for "count[11]" at div_32bit.v(17)
Info (10041): Inferred latch for "count[12]" at div_32bit.v(17)
Info (10041): Inferred latch for "count[13]" at div_32bit.v(17)
Info (10041): Inferred latch for "count[14]" at div_32bit.v(17)
Info (10041): Inferred latch for "count[15]" at div_32bit.v(17)
Info (10041): Inferred latch for "count[16]" at div_32bit.v(17)
Info (10041): Inferred latch for "count[17]" at div_32bit.v(17)
Info (10041): Inferred latch for "count[18]" at div_32bit.v(17)
Info (10041): Inferred latch for "count[19]" at div_32bit.v(17)
Info (10041): Inferred latch for "count[20]" at div_32bit.v(17)
Info (10041): Inferred latch for "count[21]" at div_32bit.v(17)
Info (10041): Inferred latch for "count[22]" at div_32bit.v(17)
Info (10041): Inferred latch for "count[23]" at div_32bit.v(17)
Info (10041): Inferred latch for "count[24]" at div_32bit.v(17)
Info (10041): Inferred latch for "count[25]" at div_32bit.v(17)
Info (10041): Inferred latch for "count[26]" at div_32bit.v(17)
Info (10041): Inferred latch for "count[27]" at div_32bit.v(17)
Info (10041): Inferred latch for "count[28]" at div_32bit.v(17)
Info (10041): Inferred latch for "count[29]" at div_32bit.v(17)
Info (10041): Inferred latch for "count[30]" at div_32bit.v(17)
Info (10041): Inferred latch for "count[31]" at div_32bit.v(17)
Info (10041): Inferred latch for "Q_reg[0]" at div_32bit.v(17)
Info (10041): Inferred latch for "Q_reg[1]" at div_32bit.v(17)
Info (10041): Inferred latch for "Q_reg[2]" at div_32bit.v(17)
Info (10041): Inferred latch for "Q_reg[3]" at div_32bit.v(17)
Info (10041): Inferred latch for "Q_reg[4]" at div_32bit.v(17)
Info (10041): Inferred latch for "Q_reg[5]" at div_32bit.v(17)
Info (10041): Inferred latch for "Q_reg[6]" at div_32bit.v(17)
Info (10041): Inferred latch for "Q_reg[7]" at div_32bit.v(17)
Info (10041): Inferred latch for "Q_reg[8]" at div_32bit.v(17)
Info (10041): Inferred latch for "Q_reg[9]" at div_32bit.v(17)
Info (10041): Inferred latch for "Q_reg[10]" at div_32bit.v(17)
Info (10041): Inferred latch for "Q_reg[11]" at div_32bit.v(17)
Info (10041): Inferred latch for "Q_reg[12]" at div_32bit.v(17)
Info (10041): Inferred latch for "Q_reg[13]" at div_32bit.v(17)
Info (10041): Inferred latch for "Q_reg[14]" at div_32bit.v(17)
Info (10041): Inferred latch for "Q_reg[15]" at div_32bit.v(17)
Info (10041): Inferred latch for "Q_reg[16]" at div_32bit.v(17)
Info (10041): Inferred latch for "Q_reg[17]" at div_32bit.v(17)
Info (10041): Inferred latch for "Q_reg[18]" at div_32bit.v(17)
Info (10041): Inferred latch for "Q_reg[19]" at div_32bit.v(17)
Info (10041): Inferred latch for "Q_reg[20]" at div_32bit.v(17)
Info (10041): Inferred latch for "Q_reg[21]" at div_32bit.v(17)
Info (10041): Inferred latch for "Q_reg[22]" at div_32bit.v(17)
Info (10041): Inferred latch for "Q_reg[23]" at div_32bit.v(17)
Info (10041): Inferred latch for "Q_reg[24]" at div_32bit.v(17)
Info (10041): Inferred latch for "Q_reg[25]" at div_32bit.v(17)
Info (10041): Inferred latch for "Q_reg[26]" at div_32bit.v(17)
Info (10041): Inferred latch for "Q_reg[27]" at div_32bit.v(17)
Info (10041): Inferred latch for "Q_reg[28]" at div_32bit.v(17)
Info (10041): Inferred latch for "Q_reg[29]" at div_32bit.v(17)
Info (10041): Inferred latch for "Q_reg[30]" at div_32bit.v(17)
Info (10041): Inferred latch for "Q_reg[31]" at div_32bit.v(17)
Info (10041): Inferred latch for "A_reg[0]" at div_32bit.v(17)
Info (10041): Inferred latch for "A_reg[1]" at div_32bit.v(17)
Info (10041): Inferred latch for "A_reg[2]" at div_32bit.v(17)
Info (10041): Inferred latch for "A_reg[3]" at div_32bit.v(17)
Info (10041): Inferred latch for "A_reg[4]" at div_32bit.v(17)
Info (10041): Inferred latch for "A_reg[5]" at div_32bit.v(17)
Info (10041): Inferred latch for "A_reg[6]" at div_32bit.v(17)
Info (10041): Inferred latch for "A_reg[7]" at div_32bit.v(17)
Info (10041): Inferred latch for "A_reg[8]" at div_32bit.v(17)
Info (10041): Inferred latch for "A_reg[9]" at div_32bit.v(17)
Info (10041): Inferred latch for "A_reg[10]" at div_32bit.v(17)
Info (10041): Inferred latch for "A_reg[11]" at div_32bit.v(17)
Info (10041): Inferred latch for "A_reg[12]" at div_32bit.v(17)
Info (10041): Inferred latch for "A_reg[13]" at div_32bit.v(17)
Info (10041): Inferred latch for "A_reg[14]" at div_32bit.v(17)
Info (10041): Inferred latch for "A_reg[15]" at div_32bit.v(17)
Info (10041): Inferred latch for "A_reg[16]" at div_32bit.v(17)
Info (10041): Inferred latch for "A_reg[17]" at div_32bit.v(17)
Info (10041): Inferred latch for "A_reg[18]" at div_32bit.v(17)
Info (10041): Inferred latch for "A_reg[19]" at div_32bit.v(17)
Info (10041): Inferred latch for "A_reg[20]" at div_32bit.v(17)
Info (10041): Inferred latch for "A_reg[21]" at div_32bit.v(17)
Info (10041): Inferred latch for "A_reg[22]" at div_32bit.v(17)
Info (10041): Inferred latch for "A_reg[23]" at div_32bit.v(17)
Info (10041): Inferred latch for "A_reg[24]" at div_32bit.v(17)
Info (10041): Inferred latch for "A_reg[25]" at div_32bit.v(17)
Info (10041): Inferred latch for "A_reg[26]" at div_32bit.v(17)
Info (10041): Inferred latch for "A_reg[27]" at div_32bit.v(17)
Info (10041): Inferred latch for "A_reg[28]" at div_32bit.v(17)
Info (10041): Inferred latch for "A_reg[29]" at div_32bit.v(17)
Info (10041): Inferred latch for "A_reg[30]" at div_32bit.v(17)
Info (10041): Inferred latch for "A_reg[31]" at div_32bit.v(17)
Info (12128): Elaborating entity "bidirectional_bus" for hierarchy "bidirectional_bus:my_bus"
Info (12128): Elaborating entity "encoder_32to5" for hierarchy "bidirectional_bus:my_bus|encoder_32to5:bus_encoder"
Info (12128): Elaborating entity "multiplexer32to1" for hierarchy "bidirectional_bus:my_bus|multiplexer32to1:bus_multiplexer"
Warning (12011): Net is missing source, defaulting to GND
    Warning (12110): Net "ALU:alu_instance|cin" is missing source, defaulting to GND
Warning (12241): 3 hierarchies have connectivity warnings - see the Connectivity Checks report folder
Warning (13012): Latch ALU:alu_instance|C_reg[0] has unsafe behavior
    Warning (13013): Ports D and ENA on the latch are fed by the same signal ALU_opcode[1]
Warning (13012): Latch ALU:alu_instance|C_reg[1] has unsafe behavior
    Warning (13013): Ports D and ENA on the latch are fed by the same signal ALU_opcode[1]
Warning (13012): Latch ALU:alu_instance|C_reg[2] has unsafe behavior
    Warning (13013): Ports D and ENA on the latch are fed by the same signal ALU_opcode[4]
Warning (13012): Latch ALU:alu_instance|C_reg[3] has unsafe behavior
    Warning (13013): Ports D and ENA on the latch are fed by the same signal ALU_opcode[4]
Warning (13012): Latch ALU:alu_instance|C_reg[4] has unsafe behavior
    Warning (13013): Ports D and ENA on the latch are fed by the same signal ALU_opcode[4]
Warning (13012): Latch ALU:alu_instance|C_reg[5] has unsafe behavior
    Warning (13013): Ports D and ENA on the latch are fed by the same signal ALU_opcode[4]
Warning (13012): Latch ALU:alu_instance|C_reg[6] has unsafe behavior
    Warning (13013): Ports D and ENA on the latch are fed by the same signal ALU_opcode[4]
Warning (13012): Latch ALU:alu_instance|C_reg[7] has unsafe behavior
    Warning (13013): Ports D and ENA on the latch are fed by the same signal ALU_opcode[4]
Warning (13012): Latch ALU:alu_instance|C_reg[8] has unsafe behavior
    Warning (13013): Ports D and ENA on the latch are fed by the same signal ALU_opcode[4]
Warning (13012): Latch ALU:alu_instance|C_reg[9] has unsafe behavior
    Warning (13013): Ports D and ENA on the latch are fed by the same signal ALU_opcode[4]
Warning (13012): Latch ALU:alu_instance|C_reg[10] has unsafe behavior
    Warning (13013): Ports D and ENA on the latch are fed by the same signal ALU_opcode[4]
Warning (13012): Latch ALU:alu_instance|C_reg[11] has unsafe behavior
    Warning (13013): Ports D and ENA on the latch are fed by the same signal ALU_opcode[4]
Warning (13012): Latch ALU:alu_instance|C_reg[12] has unsafe behavior
    Warning (13013): Ports D and ENA on the latch are fed by the same signal ALU_opcode[4]
Warning (13012): Latch ALU:alu_instance|C_reg[13] has unsafe behavior
    Warning (13013): Ports D and ENA on the latch are fed by the same signal ALU_opcode[4]
Warning (13012): Latch ALU:alu_instance|C_reg[14] has unsafe behavior
    Warning (13013): Ports D and ENA on the latch are fed by the same signal ALU_opcode[4]
Warning (13012): Latch ALU:alu_instance|C_reg[15] has unsafe behavior
    Warning (13013): Ports D and ENA on the latch are fed by the same signal ALU_opcode[4]
Warning (13012): Latch ALU:alu_instance|C_reg[16] has unsafe behavior
    Warning (13013): Ports D and ENA on the latch are fed by the same signal ALU_opcode[4]
Warning (13012): Latch ALU:alu_instance|C_reg[17] has unsafe behavior
    Warning (13013): Ports D and ENA on the latch are fed by the same signal ALU_opcode[4]
Warning (13012): Latch ALU:alu_instance|C_reg[18] has unsafe behavior
    Warning (13013): Ports D and ENA on the latch are fed by the same signal ALU_opcode[4]
Warning (13012): Latch ALU:alu_instance|C_reg[19] has unsafe behavior
    Warning (13013): Ports D and ENA on the latch are fed by the same signal ALU_opcode[4]
Warning (13012): Latch ALU:alu_instance|C_reg[20] has unsafe behavior
    Warning (13013): Ports D and ENA on the latch are fed by the same signal ALU_opcode[4]
Warning (13012): Latch ALU:alu_instance|C_reg[21] has unsafe behavior
    Warning (13013): Ports D and ENA on the latch are fed by the same signal ALU_opcode[4]
Warning (13012): Latch ALU:alu_instance|C_reg[22] has unsafe behavior
    Warning (13013): Ports D and ENA on the latch are fed by the same signal ALU_opcode[4]
Warning (13012): Latch ALU:alu_instance|C_reg[23] has unsafe behavior
    Warning (13013): Ports D and ENA on the latch are fed by the same signal ALU_opcode[4]
Warning (13012): Latch ALU:alu_instance|C_reg[24] has unsafe behavior
    Warning (13013): Ports D and ENA on the latch are fed by the same signal ALU_opcode[4]
Warning (13012): Latch ALU:alu_instance|C_reg[25] has unsafe behavior
    Warning (13013): Ports D and ENA on the latch are fed by the same signal ALU_opcode[4]
Warning (13012): Latch ALU:alu_instance|C_reg[26] has unsafe behavior
    Warning (13013): Ports D and ENA on the latch are fed by the same signal ALU_opcode[4]
Warning (13012): Latch ALU:alu_instance|C_reg[27] has unsafe behavior
    Warning (13013): Ports D and ENA on the latch are fed by the same signal ALU_opcode[4]
Warning (13012): Latch ALU:alu_instance|C_reg[28] has unsafe behavior
    Warning (13013): Ports D and ENA on the latch are fed by the same signal ALU_opcode[4]
Warning (13012): Latch ALU:alu_instance|C_reg[29] has unsafe behavior
    Warning (13013): Ports D and ENA on the latch are fed by the same signal ALU_opcode[4]
Warning (13012): Latch ALU:alu_instance|C_reg[30] has unsafe behavior
    Warning (13013): Ports D and ENA on the latch are fed by the same signal ALU_opcode[4]
Warning (13012): Latch ALU:alu_instance|C_reg[31] has unsafe behavior
    Warning (13013): Ports D and ENA on the latch are fed by the same signal ALU_opcode[4]
Warning (13012): Latch ALU:alu_instance|C_reg[32] has unsafe behavior
    Warning (13013): Ports D and ENA on the latch are fed by the same signal ALU_opcode[4]
Warning (13012): Latch ALU:alu_instance|C_reg[33] has unsafe behavior
    Warning (13013): Ports D and ENA on the latch are fed by the same signal ALU_opcode[4]
Warning (13012): Latch ALU:alu_instance|C_reg[34] has unsafe behavior
    Warning (13013): Ports D and ENA on the latch are fed by the same signal ALU_opcode[4]
Warning (13012): Latch ALU:alu_instance|C_reg[35] has unsafe behavior
    Warning (13013): Ports D and ENA on the latch are fed by the same signal ALU_opcode[4]
Warning (13012): Latch ALU:alu_instance|C_reg[36] has unsafe behavior
    Warning (13013): Ports D and ENA on the latch are fed by the same signal ALU_opcode[4]
Warning (13012): Latch ALU:alu_instance|C_reg[37] has unsafe behavior
    Warning (13013): Ports D and ENA on the latch are fed by the same signal ALU_opcode[4]
Warning (13012): Latch ALU:alu_instance|C_reg[38] has unsafe behavior
    Warning (13013): Ports D and ENA on the latch are fed by the same signal ALU_opcode[4]
Warning (13012): Latch ALU:alu_instance|C_reg[39] has unsafe behavior
    Warning (13013): Ports D and ENA on the latch are fed by the same signal ALU_opcode[4]
Warning (13012): Latch ALU:alu_instance|C_reg[40] has unsafe behavior
    Warning (13013): Ports D and ENA on the latch are fed by the same signal ALU_opcode[4]
Warning (13012): Latch ALU:alu_instance|C_reg[41] has unsafe behavior
    Warning (13013): Ports D and ENA on the latch are fed by the same signal ALU_opcode[4]
Warning (13012): Latch ALU:alu_instance|C_reg[42] has unsafe behavior
    Warning (13013): Ports D and ENA on the latch are fed by the same signal ALU_opcode[4]
Warning (13012): Latch ALU:alu_instance|C_reg[43] has unsafe behavior
    Warning (13013): Ports D and ENA on the latch are fed by the same signal ALU_opcode[4]
Warning (13012): Latch ALU:alu_instance|C_reg[44] has unsafe behavior
    Warning (13013): Ports D and ENA on the latch are fed by the same signal ALU_opcode[4]
Warning (13012): Latch ALU:alu_instance|C_reg[45] has unsafe behavior
    Warning (13013): Ports D and ENA on the latch are fed by the same signal ALU_opcode[4]
Warning (13012): Latch ALU:alu_instance|C_reg[46] has unsafe behavior
    Warning (13013): Ports D and ENA on the latch are fed by the same signal ALU_opcode[4]
Warning (13012): Latch ALU:alu_instance|C_reg[47] has unsafe behavior
    Warning (13013): Ports D and ENA on the latch are fed by the same signal ALU_opcode[4]
Warning (13012): Latch ALU:alu_instance|C_reg[48] has unsafe behavior
    Warning (13013): Ports D and ENA on the latch are fed by the same signal ALU_opcode[4]
Warning (13012): Latch ALU:alu_instance|C_reg[49] has unsafe behavior
    Warning (13013): Ports D and ENA on the latch are fed by the same signal ALU_opcode[4]
Warning (13012): Latch ALU:alu_instance|C_reg[50] has unsafe behavior
    Warning (13013): Ports D and ENA on the latch are fed by the same signal ALU_opcode[4]
Warning (13012): Latch ALU:alu_instance|C_reg[51] has unsafe behavior
    Warning (13013): Ports D and ENA on the latch are fed by the same signal ALU_opcode[4]
Warning (13012): Latch ALU:alu_instance|C_reg[52] has unsafe behavior
    Warning (13013): Ports D and ENA on the latch are fed by the same signal ALU_opcode[4]
Warning (13012): Latch ALU:alu_instance|C_reg[53] has unsafe behavior
    Warning (13013): Ports D and ENA on the latch are fed by the same signal ALU_opcode[4]
Warning (13012): Latch ALU:alu_instance|C_reg[54] has unsafe behavior
    Warning (13013): Ports D and ENA on the latch are fed by the same signal ALU_opcode[4]
Warning (13012): Latch ALU:alu_instance|C_reg[55] has unsafe behavior
    Warning (13013): Ports D and ENA on the latch are fed by the same signal ALU_opcode[4]
Warning (13012): Latch ALU:alu_instance|C_reg[56] has unsafe behavior
    Warning (13013): Ports D and ENA on the latch are fed by the same signal ALU_opcode[4]
Warning (13012): Latch ALU:alu_instance|C_reg[57] has unsafe behavior
    Warning (13013): Ports D and ENA on the latch are fed by the same signal ALU_opcode[4]
Warning (13012): Latch ALU:alu_instance|C_reg[58] has unsafe behavior
    Warning (13013): Ports D and ENA on the latch are fed by the same signal ALU_opcode[4]
Warning (13012): Latch ALU:alu_instance|C_reg[59] has unsafe behavior
    Warning (13013): Ports D and ENA on the latch are fed by the same signal ALU_opcode[4]
Warning (13012): Latch ALU:alu_instance|C_reg[60] has unsafe behavior
    Warning (13013): Ports D and ENA on the latch are fed by the same signal ALU_opcode[4]
Warning (13012): Latch ALU:alu_instance|C_reg[61] has unsafe behavior
    Warning (13013): Ports D and ENA on the latch are fed by the same signal ALU_opcode[4]
Warning (13012): Latch ALU:alu_instance|C_reg[62] has unsafe behavior
    Warning (13013): Ports D and ENA on the latch are fed by the same signal ALU_opcode[4]
Warning (13012): Latch ALU:alu_instance|C_reg[63] has unsafe behavior
    Warning (13013): Ports D and ENA on the latch are fed by the same signal ALU_opcode[3]
Warning (13024): Output pins are stuck at VCC or GND
    Warning (13410): Pin "ZLO[0]" is stuck at GND
    Warning (13410): Pin "ZLO[1]" is stuck at GND
    Warning (13410): Pin "ZLO[2]" is stuck at GND
    Warning (13410): Pin "ZLO[3]" is stuck at GND
    Warning (13410): Pin "ZLO[4]" is stuck at GND
    Warning (13410): Pin "ZLO[5]" is stuck at GND
    Warning (13410): Pin "ZLO[6]" is stuck at GND
    Warning (13410): Pin "ZLO[7]" is stuck at GND
    Warning (13410): Pin "ZLO[8]" is stuck at GND
    Warning (13410): Pin "ZLO[9]" is stuck at GND
    Warning (13410): Pin "ZLO[10]" is stuck at GND
    Warning (13410): Pin "ZLO[11]" is stuck at GND
    Warning (13410): Pin "ZLO[12]" is stuck at GND
    Warning (13410): Pin "ZLO[13]" is stuck at GND
    Warning (13410): Pin "ZLO[14]" is stuck at GND
    Warning (13410): Pin "ZLO[15]" is stuck at GND
    Warning (13410): Pin "ZLO[16]" is stuck at GND
    Warning (13410): Pin "ZLO[17]" is stuck at GND
    Warning (13410): Pin "ZLO[18]" is stuck at GND
    Warning (13410): Pin "ZLO[19]" is stuck at GND
    Warning (13410): Pin "ZLO[20]" is stuck at GND
    Warning (13410): Pin "ZLO[21]" is stuck at GND
    Warning (13410): Pin "ZLO[22]" is stuck at GND
    Warning (13410): Pin "ZLO[23]" is stuck at GND
    Warning (13410): Pin "ZLO[24]" is stuck at GND
    Warning (13410): Pin "ZLO[25]" is stuck at GND
    Warning (13410): Pin "ZLO[26]" is stuck at GND
    Warning (13410): Pin "ZLO[27]" is stuck at GND
    Warning (13410): Pin "ZLO[28]" is stuck at GND
    Warning (13410): Pin "ZLO[29]" is stuck at GND
    Warning (13410): Pin "ZLO[30]" is stuck at GND
    Warning (13410): Pin "ZLO[31]" is stuck at GND
Info (286030): Timing-Driven Synthesis is running
Info (144001): Generated suppressed messages file C:/code/374pt2/ELEC374part2/ELEC374part2/Register.map.smsg
Info (16010): Generating hard_block partition "hard_block:auto_generated_inst"
    Info (16011): Adding 0 node(s), including 0 DDIO, 0 PLL, 0 transceiver and 0 LCELL
Warning (21074): Design contains 7 input pin(s) that do not drive logic
    Warning (15610): No output dependent on input pin "Yout"
    Warning (15610): No output dependent on input pin "ZLOin"
    Warning (15610): No output dependent on input pin "MARin"
    Warning (15610): No output dependent on input pin "IRin"
    Warning (15610): No output dependent on input pin "Zin"
    Warning (15610): No output dependent on input pin "ZLowSelect"
    Warning (15610): No output dependent on input pin "ZHighSelect"
Info (21057): Implemented 5538 device resources after synthesis - the final resource count might be different
    Info (21058): Implemented 94 input pins
    Info (21059): Implemented 736 output pins
    Info (21061): Implemented 4708 logic cells
Info: Quartus II 64-Bit Analysis & Synthesis was successful. 0 errors, 193 warnings
    Info: Peak virtual memory: 4673 megabytes
    Info: Processing ended: Mon Mar 13 10:57:47 2023
    Info: Elapsed time: 00:00:19
    Info: Total CPU time (on all processors): 00:00:18


+------------------------------------------+
; Analysis & Synthesis Suppressed Messages ;
+------------------------------------------+
The suppressed messages can be found in C:/code/374pt2/ELEC374part2/ELEC374part2/Register.map.smsg.


