Analysis & Synthesis report for ELEC374Project
<<<<<<< HEAD
Fri Mar 17 14:33:28 2023
=======
Fri Mar 17 14:16:50 2023
>>>>>>> 6889b348620290086cf5e8c8e14ea4fa5f240fa6
Quartus II 64-Bit Version 13.0.1 Build 232 06/12/2013 Service Pack 1 SJ Web Edition


---------------------
; Table of Contents ;
---------------------
  1. Legal Notice
  2. Analysis & Synthesis Summary
  3. Analysis & Synthesis Settings
  4. Parallel Compilation
  5. Analysis & Synthesis Source Files Read
  6. Analysis & Synthesis Resource Usage Summary
  7. Analysis & Synthesis Resource Utilization by Entity
  8. User-Specified and Inferred Latches
  9. General Register Statistics
 10. Multiplexer Restructuring Statistics (Restructuring Performed)
 11. Parameter Settings for User Entity Instance: ALU:alu_instance
 12. Port Connectivity Checks: "ALU:alu_instance|div_32bit:division"
 13. Port Connectivity Checks: "ALU:alu_instance|sub_32bit:subtraction"
 14. Port Connectivity Checks: "ALU:alu_instance|add_32_bit:adding"
 15. Port Connectivity Checks: "Register:zlo"
 16. Port Connectivity Checks: "Register:zhi"
 17. Port Connectivity Checks: "Register:MAR"
 18. Port Connectivity Checks: "Register:IR"
 19. Elapsed Time Per Partition
 20. Analysis & Synthesis Messages
 21. Analysis & Synthesis Suppressed Messages



----------------
; Legal Notice ;
----------------
Copyright (C) 1991-2013 Altera Corporation
Your use of Altera Corporation's design tools, logic functions 
and other software and tools, and its AMPP partner logic 
functions, and any output files from any of the foregoing 
(including device programming or simulation files), and any 
associated documentation or information are expressly subject 
to the terms and conditions of the Altera Program License 
Subscription Agreement, Altera MegaCore Function License 
Agreement, or other applicable license agreement, including, 
without limitation, that your use is for the sole purpose of 
programming logic devices manufactured by Altera and sold by 
Altera or its authorized distributors.  Please refer to the 
applicable agreement for further details.



+--------------------------------------------------------------------------------------+
; Analysis & Synthesis Summary                                                         ;
+------------------------------------+-------------------------------------------------+
<<<<<<< HEAD
; Analysis & Synthesis Status        ; Successful - Fri Mar 17 14:33:27 2023           ;
; Quartus II 64-Bit Version          ; 13.0.1 Build 232 06/12/2013 SP 1 SJ Web Edition ;
; Revision Name                      ; ELEC374Project                                  ;
; Top-level Entity Name              ; div_32bit                                       ;
; Family                             ; Cyclone III                                     ;
; Total logic elements               ; 3,010                                           ;
;     Total combinational functions  ; 3,010                                           ;
;     Dedicated logic registers      ; 0                                               ;
; Total registers                    ; 0                                               ;
; Total pins                         ; 128                                             ;
=======
; Analysis & Synthesis Status        ; Successful - Fri Mar 17 14:16:50 2023           ;
; Quartus II 64-Bit Version          ; 13.0.1 Build 232 06/12/2013 SP 1 SJ Web Edition ;
; Revision Name                      ; ELEC374Project                                  ;
; Top-level Entity Name              ; datapath                                        ;
; Family                             ; Cyclone III                                     ;
; Total logic elements               ; 7,402                                           ;
;     Total combinational functions  ; 6,826                                           ;
;     Dedicated logic registers      ; 736                                             ;
; Total registers                    ; 736                                             ;
; Total pins                         ; 830                                             ;
>>>>>>> 6889b348620290086cf5e8c8e14ea4fa5f240fa6
; Total virtual pins                 ; 0                                               ;
; Total memory bits                  ; 0                                               ;
; Embedded Multiplier 9-bit elements ; 0                                               ;
; Total PLLs                         ; 0                                               ;
+------------------------------------+-------------------------------------------------+


+----------------------------------------------------------------------------------------------------------------------+
; Analysis & Synthesis Settings                                                                                        ;
+----------------------------------------------------------------------------+--------------------+--------------------+
; Option                                                                     ; Setting            ; Default Value      ;
+----------------------------------------------------------------------------+--------------------+--------------------+
; Device                                                                     ; EP3C16F484C6       ;                    ;
<<<<<<< HEAD
; Top-level entity name                                                      ; div_32bit          ; ELEC374Project     ;
=======
; Top-level entity name                                                      ; datapath           ; ELEC374Project     ;
>>>>>>> 6889b348620290086cf5e8c8e14ea4fa5f240fa6
; Family name                                                                ; Cyclone III        ; Cyclone IV GX      ;
; Use smart compilation                                                      ; Off                ; Off                ;
; Enable parallel Assembler and TimeQuest Timing Analyzer during compilation ; On                 ; On                 ;
; Enable compact report table                                                ; Off                ; Off                ;
; Restructure Multiplexers                                                   ; Auto               ; Auto               ;
; Create Debugging Nodes for IP Cores                                        ; Off                ; Off                ;
; Preserve fewer node names                                                  ; On                 ; On                 ;
; Disable OpenCore Plus hardware evaluation                                  ; Off                ; Off                ;
; Verilog Version                                                            ; Verilog_2001       ; Verilog_2001       ;
; VHDL Version                                                               ; VHDL_1993          ; VHDL_1993          ;
; State Machine Processing                                                   ; Auto               ; Auto               ;
; Safe State Machine                                                         ; Off                ; Off                ;
; Extract Verilog State Machines                                             ; On                 ; On                 ;
; Extract VHDL State Machines                                                ; On                 ; On                 ;
; Ignore Verilog initial constructs                                          ; Off                ; Off                ;
; Iteration limit for constant Verilog loops                                 ; 5000               ; 5000               ;
; Iteration limit for non-constant Verilog loops                             ; 250                ; 250                ;
; Add Pass-Through Logic to Inferred RAMs                                    ; On                 ; On                 ;
; Infer RAMs from Raw Logic                                                  ; On                 ; On                 ;
; Parallel Synthesis                                                         ; On                 ; On                 ;
; DSP Block Balancing                                                        ; Auto               ; Auto               ;
; NOT Gate Push-Back                                                         ; On                 ; On                 ;
; Power-Up Don't Care                                                        ; On                 ; On                 ;
; Remove Redundant Logic Cells                                               ; Off                ; Off                ;
; Remove Duplicate Registers                                                 ; On                 ; On                 ;
; Ignore CARRY Buffers                                                       ; Off                ; Off                ;
; Ignore CASCADE Buffers                                                     ; Off                ; Off                ;
; Ignore GLOBAL Buffers                                                      ; Off                ; Off                ;
; Ignore ROW GLOBAL Buffers                                                  ; Off                ; Off                ;
; Ignore LCELL Buffers                                                       ; Off                ; Off                ;
; Ignore SOFT Buffers                                                        ; On                 ; On                 ;
; Limit AHDL Integers to 32 Bits                                             ; Off                ; Off                ;
; Optimization Technique                                                     ; Balanced           ; Balanced           ;
; Carry Chain Length                                                         ; 70                 ; 70                 ;
; Auto Carry Chains                                                          ; On                 ; On                 ;
; Auto Open-Drain Pins                                                       ; On                 ; On                 ;
; Perform WYSIWYG Primitive Resynthesis                                      ; Off                ; Off                ;
; Auto ROM Replacement                                                       ; On                 ; On                 ;
; Auto RAM Replacement                                                       ; On                 ; On                 ;
; Auto DSP Block Replacement                                                 ; On                 ; On                 ;
; Auto Shift Register Replacement                                            ; Auto               ; Auto               ;
; Allow Shift Register Merging across Hierarchies                            ; Auto               ; Auto               ;
; Auto Clock Enable Replacement                                              ; On                 ; On                 ;
; Strict RAM Replacement                                                     ; Off                ; Off                ;
; Allow Synchronous Control Signals                                          ; On                 ; On                 ;
; Force Use of Synchronous Clear Signals                                     ; Off                ; Off                ;
; Auto RAM Block Balancing                                                   ; On                 ; On                 ;
; Auto RAM to Logic Cell Conversion                                          ; Off                ; Off                ;
; Auto Resource Sharing                                                      ; Off                ; Off                ;
; Allow Any RAM Size For Recognition                                         ; Off                ; Off                ;
; Allow Any ROM Size For Recognition                                         ; Off                ; Off                ;
; Allow Any Shift Register Size For Recognition                              ; Off                ; Off                ;
; Use LogicLock Constraints during Resource Balancing                        ; On                 ; On                 ;
; Ignore translate_off and synthesis_off directives                          ; Off                ; Off                ;
; Timing-Driven Synthesis                                                    ; On                 ; On                 ;
; Report Parameter Settings                                                  ; On                 ; On                 ;
; Report Source Assignments                                                  ; On                 ; On                 ;
; Report Connectivity Checks                                                 ; On                 ; On                 ;
; Ignore Maximum Fan-Out Assignments                                         ; Off                ; Off                ;
; Synchronization Register Chain Length                                      ; 2                  ; 2                  ;
; PowerPlay Power Optimization                                               ; Normal compilation ; Normal compilation ;
; HDL message level                                                          ; Level2             ; Level2             ;
; Suppress Register Optimization Related Messages                            ; Off                ; Off                ;
; Number of Removed Registers Reported in Synthesis Report                   ; 5000               ; 5000               ;
; Number of Swept Nodes Reported in Synthesis Report                         ; 5000               ; 5000               ;
; Number of Inverted Registers Reported in Synthesis Report                  ; 100                ; 100                ;
; Clock MUX Protection                                                       ; On                 ; On                 ;
; Auto Gated Clock Conversion                                                ; Off                ; Off                ;
; Block Design Naming                                                        ; Auto               ; Auto               ;
; SDC constraint protection                                                  ; Off                ; Off                ;
; Synthesis Effort                                                           ; Auto               ; Auto               ;
; Shift Register Replacement - Allow Asynchronous Clear Signal               ; On                 ; On                 ;
; Pre-Mapping Resynthesis Optimization                                       ; Off                ; Off                ;
; Analysis & Synthesis Message Level                                         ; Medium             ; Medium             ;
; Disable Register Merging Across Hierarchies                                ; Auto               ; Auto               ;
; Resource Aware Inference For Block RAM                                     ; On                 ; On                 ;
; Synthesis Seed                                                             ; 1                  ; 1                  ;
+----------------------------------------------------------------------------+--------------------+--------------------+


Parallel compilation was disabled, but you have multiple processors available. Enable parallel compilation to reduce compilation time.
+-------------------------------------+
; Parallel Compilation                ;
+----------------------------+--------+
; Processors                 ; Number ;
+----------------------------+--------+
; Number detected on machine ; 16     ;
; Maximum allowed            ; 1      ;
+----------------------------+--------+


<<<<<<< HEAD
+-------------------------------------------------------------------------------------------------------------------------------------------+
; Analysis & Synthesis Source Files Read                                                                                                    ;
+----------------------------------+-----------------+------------------------+---------------------------------------------------+---------+
; File Name with User-Entered Path ; Used in Netlist ; File Type              ; File Name with Absolute Path                      ; Library ;
+----------------------------------+-----------------+------------------------+---------------------------------------------------+---------+
; div_32bit.v                      ; yes             ; User Verilog HDL File  ; C:/Users/Admin/Documents/ELEC374part2/div_32bit.v ;         ;
+----------------------------------+-----------------+------------------------+---------------------------------------------------+---------+


+-----------------------------------------------------------------+
; Analysis & Synthesis Resource Usage Summary                     ;
+---------------------------------------------+-------------------+
; Resource                                    ; Usage             ;
+---------------------------------------------+-------------------+
; Estimated Total logic elements              ; 3,010             ;
;                                             ;                   ;
; Total combinational functions               ; 3010              ;
; Logic element usage by number of LUT inputs ;                   ;
;     -- 4 input functions                    ; 6                 ;
;     -- 3 input functions                    ; 2895              ;
;     -- <=2 input functions                  ; 109               ;
;                                             ;                   ;
; Logic elements by mode                      ;                   ;
;     -- normal mode                          ; 1057              ;
;     -- arithmetic mode                      ; 1953              ;
;                                             ;                   ;
; Total registers                             ; 0                 ;
;     -- Dedicated logic registers            ; 0                 ;
;     -- I/O registers                        ; 0                 ;
;                                             ;                   ;
; I/O pins                                    ; 128               ;
; Embedded Multiplier 9-bit elements          ; 0                 ;
; Maximum fan-out node                        ; divisor[30]~input ;
; Maximum fan-out                             ; 64                ;
; Total fan-out                               ; 9118              ;
; Average fan-out                             ; 2.79              ;
+---------------------------------------------+-------------------+


+-----------------------------------------------------------------------------------------------------------------------------------------------------------------------------+
; Analysis & Synthesis Resource Utilization by Entity                                                                                                                         ;
+----------------------------+-------------------+--------------+-------------+--------------+---------+-----------+------+--------------+---------------------+--------------+
; Compilation Hierarchy Node ; LC Combinationals ; LC Registers ; Memory Bits ; DSP Elements ; DSP 9x9 ; DSP 18x18 ; Pins ; Virtual Pins ; Full Hierarchy Name ; Library Name ;
+----------------------------+-------------------+--------------+-------------+--------------+---------+-----------+------+--------------+---------------------+--------------+
; |div_32bit                 ; 3010 (3010)       ; 0 (0)        ; 0           ; 0            ; 0       ; 0         ; 128  ; 0            ; |div_32bit          ; work         ;
+----------------------------+-------------------+--------------+-------------+--------------+---------+-----------+------+--------------+---------------------+--------------+
=======
+------------------------------------------------------------------------------------------------------------------------------------------------------+
; Analysis & Synthesis Source Files Read                                                                                                               ;
+----------------------------------+-----------------+------------------------+--------------------------------------------------------------+---------+
; File Name with User-Entered Path ; Used in Netlist ; File Type              ; File Name with Absolute Path                                 ; Library ;
+----------------------------------+-----------------+------------------------+--------------------------------------------------------------+---------+
; z_register.v                     ; yes             ; User Verilog HDL File  ; C:/code/374pt2/ELEC374part2/ELEC374part2/z_register.v        ;         ;
; Register.v                       ; yes             ; User Verilog HDL File  ; C:/code/374pt2/ELEC374part2/ELEC374part2/Register.v          ;         ;
; PC.v                             ; yes             ; User Verilog HDL File  ; C:/code/374pt2/ELEC374part2/ELEC374part2/PC.v                ;         ;
; mul_32bit.v                      ; yes             ; User Verilog HDL File  ; C:/code/374pt2/ELEC374part2/ELEC374part2/mul_32bit.v         ;         ;
; multiplexer32to1.v               ; yes             ; User Verilog HDL File  ; C:/code/374pt2/ELEC374part2/ELEC374part2/multiplexer32to1.v  ;         ;
; multiplexer.v                    ; yes             ; User Verilog HDL File  ; C:/code/374pt2/ELEC374part2/ELEC374part2/multiplexer.v       ;         ;
; MDR.v                            ; yes             ; User Verilog HDL File  ; C:/code/374pt2/ELEC374part2/ELEC374part2/MDR.v               ;         ;
; encoder.v                        ; yes             ; User Verilog HDL File  ; C:/code/374pt2/ELEC374part2/ELEC374part2/encoder.v           ;         ;
; div_32bit.v                      ; yes             ; User Verilog HDL File  ; C:/code/374pt2/ELEC374part2/ELEC374part2/div_32bit.v         ;         ;
; datapath.v                       ; yes             ; User Verilog HDL File  ; C:/code/374pt2/ELEC374part2/ELEC374part2/datapath.v          ;         ;
; bidirectional_bus.v              ; yes             ; User Verilog HDL File  ; C:/code/374pt2/ELEC374part2/ELEC374part2/bidirectional_bus.v ;         ;
; ALU.v                            ; yes             ; User Verilog HDL File  ; C:/code/374pt2/ELEC374part2/ELEC374part2/ALU.v               ;         ;
; add_32.v                         ; yes             ; User Verilog HDL File  ; C:/code/374pt2/ELEC374part2/ELEC374part2/add_32.v            ;         ;
; sub_32bit.v                      ; yes             ; User Verilog HDL File  ; C:/code/374pt2/ELEC374part2/ELEC374part2/sub_32bit.v         ;         ;
+----------------------------------+-----------------+------------------------+--------------------------------------------------------------+---------+


+---------------------------------------------------------+
; Analysis & Synthesis Resource Usage Summary             ;
+---------------------------------------------+-----------+
; Resource                                    ; Usage     ;
+---------------------------------------------+-----------+
; Estimated Total logic elements              ; 7,402     ;
;                                             ;           ;
; Total combinational functions               ; 6826      ;
; Logic element usage by number of LUT inputs ;           ;
;     -- 4 input functions                    ; 2069      ;
;     -- 3 input functions                    ; 3918      ;
;     -- <=2 input functions                  ; 839       ;
;                                             ;           ;
; Logic elements by mode                      ;           ;
;     -- normal mode                          ; 4253      ;
;     -- arithmetic mode                      ; 2573      ;
;                                             ;           ;
; Total registers                             ; 736       ;
;     -- Dedicated logic registers            ; 736       ;
;     -- I/O registers                        ; 0         ;
;                                             ;           ;
; I/O pins                                    ; 830       ;
; Embedded Multiplier 9-bit elements          ; 0         ;
; Maximum fan-out node                        ; clr~input ;
; Maximum fan-out                             ; 739       ;
; Total fan-out                               ; 26214     ;
; Average fan-out                             ; 2.84      ;
+---------------------------------------------+-----------+


+-------------------------------------------------------------------------------------------------------------------------------------------------------------------------------------------------------------------------------------------+
; Analysis & Synthesis Resource Utilization by Entity                                                                                                                                                                                       ;
+------------------------------------------+-------------------+--------------+-------------+--------------+---------+-----------+------+--------------+---------------------------------------------------------------------+--------------+
; Compilation Hierarchy Node               ; LC Combinationals ; LC Registers ; Memory Bits ; DSP Elements ; DSP 9x9 ; DSP 18x18 ; Pins ; Virtual Pins ; Full Hierarchy Name                                                 ; Library Name ;
+------------------------------------------+-------------------+--------------+-------------+--------------+---------+-----------+------+--------------+---------------------------------------------------------------------+--------------+
; |datapath                                ; 6826 (0)          ; 736 (0)      ; 0           ; 0            ; 0       ; 0         ; 830  ; 0            ; |datapath                                                           ; work         ;
;    |ALU:alu_instance|                    ; 6161 (1112)       ; 0 (0)        ; 0           ; 0            ; 0       ; 0         ; 0    ; 0            ; |datapath|ALU:alu_instance                                          ; work         ;
;       |div_32bit:division|               ; 2946 (2946)       ; 0 (0)        ; 0           ; 0            ; 0       ; 0         ; 0    ; 0            ; |datapath|ALU:alu_instance|div_32bit:division                       ; work         ;
;       |mul_32bit:multiply|               ; 2103 (2103)       ; 0 (0)        ; 0           ; 0            ; 0       ; 0         ; 0    ; 0            ; |datapath|ALU:alu_instance|mul_32bit:multiply                       ; work         ;
;    |MDR:MDR_register|                    ; 36 (0)            ; 32 (0)       ; 0           ; 0            ; 0       ; 0         ; 0    ; 0            ; |datapath|MDR:MDR_register                                          ; work         ;
;       |Register:MDRregister|             ; 0 (0)             ; 32 (32)      ; 0           ; 0            ; 0       ; 0         ; 0    ; 0            ; |datapath|MDR:MDR_register|Register:MDRregister                     ; work         ;
;       |mux2_1:my_MDR_Multiplexer|        ; 36 (36)           ; 0 (0)        ; 0           ; 0            ; 0       ; 0         ; 0    ; 0            ; |datapath|MDR:MDR_register|mux2_1:my_MDR_Multiplexer                ; work         ;
;    |PC:PC|                               ; 33 (33)           ; 32 (32)      ; 0           ; 0            ; 0       ; 0         ; 0    ; 0            ; |datapath|PC:PC                                                     ; work         ;
;    |Register:hi|                         ; 0 (0)             ; 32 (32)      ; 0           ; 0            ; 0       ; 0         ; 0    ; 0            ; |datapath|Register:hi                                               ; work         ;
;    |Register:lo|                         ; 0 (0)             ; 32 (32)      ; 0           ; 0            ; 0       ; 0         ; 0    ; 0            ; |datapath|Register:lo                                               ; work         ;
;    |Register:r0|                         ; 0 (0)             ; 32 (32)      ; 0           ; 0            ; 0       ; 0         ; 0    ; 0            ; |datapath|Register:r0                                               ; work         ;
;    |Register:r10|                        ; 0 (0)             ; 32 (32)      ; 0           ; 0            ; 0       ; 0         ; 0    ; 0            ; |datapath|Register:r10                                              ; work         ;
;    |Register:r11|                        ; 0 (0)             ; 32 (32)      ; 0           ; 0            ; 0       ; 0         ; 0    ; 0            ; |datapath|Register:r11                                              ; work         ;
;    |Register:r12|                        ; 0 (0)             ; 32 (32)      ; 0           ; 0            ; 0       ; 0         ; 0    ; 0            ; |datapath|Register:r12                                              ; work         ;
;    |Register:r13|                        ; 0 (0)             ; 32 (32)      ; 0           ; 0            ; 0       ; 0         ; 0    ; 0            ; |datapath|Register:r13                                              ; work         ;
;    |Register:r14|                        ; 0 (0)             ; 32 (32)      ; 0           ; 0            ; 0       ; 0         ; 0    ; 0            ; |datapath|Register:r14                                              ; work         ;
;    |Register:r15|                        ; 0 (0)             ; 32 (32)      ; 0           ; 0            ; 0       ; 0         ; 0    ; 0            ; |datapath|Register:r15                                              ; work         ;
;    |Register:r1|                         ; 0 (0)             ; 32 (32)      ; 0           ; 0            ; 0       ; 0         ; 0    ; 0            ; |datapath|Register:r1                                               ; work         ;
;    |Register:r2|                         ; 0 (0)             ; 32 (32)      ; 0           ; 0            ; 0       ; 0         ; 0    ; 0            ; |datapath|Register:r2                                               ; work         ;
;    |Register:r3|                         ; 0 (0)             ; 32 (32)      ; 0           ; 0            ; 0       ; 0         ; 0    ; 0            ; |datapath|Register:r3                                               ; work         ;
;    |Register:r4|                         ; 0 (0)             ; 32 (32)      ; 0           ; 0            ; 0       ; 0         ; 0    ; 0            ; |datapath|Register:r4                                               ; work         ;
;    |Register:r5|                         ; 0 (0)             ; 32 (32)      ; 0           ; 0            ; 0       ; 0         ; 0    ; 0            ; |datapath|Register:r5                                               ; work         ;
;    |Register:r6|                         ; 0 (0)             ; 32 (32)      ; 0           ; 0            ; 0       ; 0         ; 0    ; 0            ; |datapath|Register:r6                                               ; work         ;
;    |Register:r7|                         ; 0 (0)             ; 32 (32)      ; 0           ; 0            ; 0       ; 0         ; 0    ; 0            ; |datapath|Register:r7                                               ; work         ;
;    |Register:r8|                         ; 0 (0)             ; 32 (32)      ; 0           ; 0            ; 0       ; 0         ; 0    ; 0            ; |datapath|Register:r8                                               ; work         ;
;    |Register:r9|                         ; 0 (0)             ; 32 (32)      ; 0           ; 0            ; 0       ; 0         ; 0    ; 0            ; |datapath|Register:r9                                               ; work         ;
;    |Register:y|                          ; 0 (0)             ; 32 (32)      ; 0           ; 0            ; 0       ; 0         ; 0    ; 0            ; |datapath|Register:y                                                ; work         ;
;    |bidirectional_bus:my_bus|            ; 530 (0)           ; 0 (0)        ; 0           ; 0            ; 0       ; 0         ; 0    ; 0            ; |datapath|bidirectional_bus:my_bus                                  ; work         ;
;       |encoder_32to5:bus_encoder|        ; 33 (33)           ; 0 (0)        ; 0           ; 0            ; 0       ; 0         ; 0    ; 0            ; |datapath|bidirectional_bus:my_bus|encoder_32to5:bus_encoder        ; work         ;
;       |multiplexer32to1:bus_multiplexer| ; 497 (497)         ; 0 (0)        ; 0           ; 0            ; 0       ; 0         ; 0    ; 0            ; |datapath|bidirectional_bus:my_bus|multiplexer32to1:bus_multiplexer ; work         ;
;    |z_register:z_reg|                    ; 66 (66)           ; 64 (64)      ; 0           ; 0            ; 0       ; 0         ; 0    ; 0            ; |datapath|z_register:z_reg                                          ; work         ;
+------------------------------------------+-------------------+--------------+-------------+--------------+---------+-----------+------+--------------+---------------------------------------------------------------------+--------------+
>>>>>>> 6889b348620290086cf5e8c8e14ea4fa5f240fa6
Note: For table entries with two numbers listed, the numbers in parentheses indicate the number of resources of the given type used by the specific entity alone. The numbers listed outside of parentheses indicate the total resources of the given type used by the specific entity and all of its sub-entities in the hierarchy.


+-------------------------------------------------------------------------------------------------------+
; User-Specified and Inferred Latches                                                                   ;
+-----------------------------------------------------+------------------------+------------------------+
; Latch Name                                          ; Latch Enable Signal    ; Free of Timing Hazards ;
+-----------------------------------------------------+------------------------+------------------------+
; ALU:alu_instance|C_reg[0]                           ; ALU:alu_instance|Mux64 ; yes                    ;
; ALU:alu_instance|C_reg[1]                           ; ALU:alu_instance|Mux64 ; yes                    ;
; ALU:alu_instance|C_reg[2]                           ; ALU:alu_instance|Mux64 ; yes                    ;
; ALU:alu_instance|C_reg[3]                           ; ALU:alu_instance|Mux64 ; yes                    ;
; ALU:alu_instance|C_reg[4]                           ; ALU:alu_instance|Mux64 ; yes                    ;
; ALU:alu_instance|C_reg[5]                           ; ALU:alu_instance|Mux64 ; yes                    ;
; ALU:alu_instance|C_reg[6]                           ; ALU:alu_instance|Mux64 ; yes                    ;
; ALU:alu_instance|C_reg[7]                           ; ALU:alu_instance|Mux64 ; yes                    ;
; ALU:alu_instance|C_reg[8]                           ; ALU:alu_instance|Mux64 ; yes                    ;
; ALU:alu_instance|C_reg[9]                           ; ALU:alu_instance|Mux64 ; yes                    ;
; ALU:alu_instance|C_reg[10]                          ; ALU:alu_instance|Mux64 ; yes                    ;
; ALU:alu_instance|C_reg[11]                          ; ALU:alu_instance|Mux64 ; yes                    ;
; ALU:alu_instance|C_reg[12]                          ; ALU:alu_instance|Mux64 ; yes                    ;
; ALU:alu_instance|C_reg[13]                          ; ALU:alu_instance|Mux64 ; yes                    ;
; ALU:alu_instance|C_reg[14]                          ; ALU:alu_instance|Mux64 ; yes                    ;
; ALU:alu_instance|C_reg[15]                          ; ALU:alu_instance|Mux64 ; yes                    ;
; ALU:alu_instance|C_reg[16]                          ; ALU:alu_instance|Mux64 ; yes                    ;
; ALU:alu_instance|C_reg[17]                          ; ALU:alu_instance|Mux64 ; yes                    ;
; ALU:alu_instance|C_reg[18]                          ; ALU:alu_instance|Mux64 ; yes                    ;
; ALU:alu_instance|C_reg[19]                          ; ALU:alu_instance|Mux64 ; yes                    ;
; ALU:alu_instance|C_reg[20]                          ; ALU:alu_instance|Mux64 ; yes                    ;
; ALU:alu_instance|C_reg[21]                          ; ALU:alu_instance|Mux64 ; yes                    ;
; ALU:alu_instance|C_reg[22]                          ; ALU:alu_instance|Mux64 ; yes                    ;
; ALU:alu_instance|C_reg[23]                          ; ALU:alu_instance|Mux64 ; yes                    ;
; ALU:alu_instance|C_reg[24]                          ; ALU:alu_instance|Mux64 ; yes                    ;
; ALU:alu_instance|C_reg[25]                          ; ALU:alu_instance|Mux64 ; yes                    ;
; ALU:alu_instance|C_reg[26]                          ; ALU:alu_instance|Mux64 ; yes                    ;
; ALU:alu_instance|C_reg[27]                          ; ALU:alu_instance|Mux64 ; yes                    ;
; ALU:alu_instance|C_reg[28]                          ; ALU:alu_instance|Mux64 ; yes                    ;
; ALU:alu_instance|C_reg[29]                          ; ALU:alu_instance|Mux64 ; yes                    ;
; ALU:alu_instance|C_reg[30]                          ; ALU:alu_instance|Mux64 ; yes                    ;
; ALU:alu_instance|C_reg[31]                          ; ALU:alu_instance|Mux64 ; yes                    ;
; ALU:alu_instance|C_reg[32]                          ; ALU:alu_instance|Mux64 ; yes                    ;
; ALU:alu_instance|C_reg[33]                          ; ALU:alu_instance|Mux64 ; yes                    ;
; ALU:alu_instance|C_reg[34]                          ; ALU:alu_instance|Mux64 ; yes                    ;
; ALU:alu_instance|C_reg[35]                          ; ALU:alu_instance|Mux64 ; yes                    ;
; ALU:alu_instance|C_reg[36]                          ; ALU:alu_instance|Mux64 ; yes                    ;
; ALU:alu_instance|C_reg[37]                          ; ALU:alu_instance|Mux64 ; yes                    ;
; ALU:alu_instance|C_reg[38]                          ; ALU:alu_instance|Mux64 ; yes                    ;
; ALU:alu_instance|C_reg[39]                          ; ALU:alu_instance|Mux64 ; yes                    ;
; ALU:alu_instance|C_reg[40]                          ; ALU:alu_instance|Mux64 ; yes                    ;
; ALU:alu_instance|C_reg[41]                          ; ALU:alu_instance|Mux64 ; yes                    ;
; ALU:alu_instance|C_reg[42]                          ; ALU:alu_instance|Mux64 ; yes                    ;
; ALU:alu_instance|C_reg[43]                          ; ALU:alu_instance|Mux64 ; yes                    ;
; ALU:alu_instance|C_reg[44]                          ; ALU:alu_instance|Mux64 ; yes                    ;
; ALU:alu_instance|C_reg[45]                          ; ALU:alu_instance|Mux64 ; yes                    ;
; ALU:alu_instance|C_reg[46]                          ; ALU:alu_instance|Mux64 ; yes                    ;
; ALU:alu_instance|C_reg[47]                          ; ALU:alu_instance|Mux64 ; yes                    ;
; ALU:alu_instance|C_reg[48]                          ; ALU:alu_instance|Mux64 ; yes                    ;
; ALU:alu_instance|C_reg[49]                          ; ALU:alu_instance|Mux64 ; yes                    ;
; ALU:alu_instance|C_reg[50]                          ; ALU:alu_instance|Mux64 ; yes                    ;
; ALU:alu_instance|C_reg[51]                          ; ALU:alu_instance|Mux64 ; yes                    ;
; ALU:alu_instance|C_reg[52]                          ; ALU:alu_instance|Mux64 ; yes                    ;
; ALU:alu_instance|C_reg[53]                          ; ALU:alu_instance|Mux64 ; yes                    ;
; ALU:alu_instance|C_reg[54]                          ; ALU:alu_instance|Mux64 ; yes                    ;
; ALU:alu_instance|C_reg[55]                          ; ALU:alu_instance|Mux64 ; yes                    ;
; ALU:alu_instance|C_reg[56]                          ; ALU:alu_instance|Mux64 ; yes                    ;
; ALU:alu_instance|C_reg[57]                          ; ALU:alu_instance|Mux64 ; yes                    ;
; ALU:alu_instance|C_reg[58]                          ; ALU:alu_instance|Mux64 ; yes                    ;
; ALU:alu_instance|C_reg[59]                          ; ALU:alu_instance|Mux64 ; yes                    ;
; ALU:alu_instance|C_reg[60]                          ; ALU:alu_instance|Mux64 ; yes                    ;
; ALU:alu_instance|C_reg[61]                          ; ALU:alu_instance|Mux64 ; yes                    ;
; ALU:alu_instance|C_reg[62]                          ; ALU:alu_instance|Mux64 ; yes                    ;
; ALU:alu_instance|C_reg[63]                          ; ALU:alu_instance|Mux64 ; yes                    ;
; Number of user-specified and inferred latches = 64  ;                        ;                        ;
+-----------------------------------------------------+------------------------+------------------------+
Note: All latches listed above may not be present at the end of synthesis due to various synthesis optimizations.


+------------------------------------------------------+
; General Register Statistics                          ;
+----------------------------------------------+-------+
; Statistic                                    ; Value ;
+----------------------------------------------+-------+
; Total registers                              ; 736   ;
; Number of registers using Synchronous Clear  ; 32    ;
; Number of registers using Synchronous Load   ; 32    ;
; Number of registers using Asynchronous Clear ; 640   ;
; Number of registers using Asynchronous Load  ; 0     ;
; Number of registers using Clock Enable       ; 736   ;
; Number of registers using Preset             ; 0     ;
+----------------------------------------------+-------+


+-----------------------------------------------------------------------------------------------------------------------------------------------------------------------------------------+
; Multiplexer Restructuring Statistics (Restructuring Performed)                                                                                                                          ;
+--------------------+-----------+---------------+----------------------+------------------------+------------+---------------------------------------------------------------------------+
; Multiplexer Inputs ; Bus Width ; Baseline Area ; Area if Restructured ; Saving if Restructured ; Registered ; Example Multiplexer Output                                                ;
+--------------------+-----------+---------------+----------------------+------------------------+------------+---------------------------------------------------------------------------+
; 4:1                ; 32 bits   ; 64 LEs        ; 64 LEs               ; 0 LEs                  ; Yes        ; |datapath|PC:PC|Q[3]                                                      ;
; 4:1                ; 32 bits   ; 64 LEs        ; 32 LEs               ; 32 LEs                 ; Yes        ; |datapath|z_register:z_reg|ZLowDataOut[0]                                 ;
; 5:1                ; 32 bits   ; 96 LEs        ; 32 LEs               ; 64 LEs                 ; Yes        ; |datapath|z_register:z_reg|ZHighDataOut[1]                                ;
; 3:1                ; 2 bits    ; 4 LEs         ; 4 LEs                ; 0 LEs                  ; No         ; |datapath|ALU:alu_instance|ShiftLeft1                                     ;
; 3:1                ; 63 bits   ; 126 LEs       ; 63 LEs               ; 63 LEs                 ; No         ; |datapath|ALU:alu_instance|ShiftRight0                                    ;
; 3:1                ; 62 bits   ; 124 LEs       ; 62 LEs               ; 62 LEs                 ; No         ; |datapath|ALU:alu_instance|ShiftRight1                                    ;
; 4:1                ; 29 bits   ; 58 LEs        ; 58 LEs               ; 0 LEs                  ; No         ; |datapath|ALU:alu_instance|mul_32bit:multiply|Mux29                       ;
; 6:1                ; 31 bits   ; 124 LEs       ; 93 LEs               ; 31 LEs                 ; No         ; |datapath|ALU:alu_instance|mul_32bit:multiply|Mux62                       ;
; 6:1                ; 30 bits   ; 120 LEs       ; 90 LEs               ; 30 LEs                 ; No         ; |datapath|ALU:alu_instance|mul_32bit:multiply|Mux75                       ;
; 6:1                ; 30 bits   ; 120 LEs       ; 90 LEs               ; 30 LEs                 ; No         ; |datapath|ALU:alu_instance|mul_32bit:multiply|Mux151                      ;
; 6:1                ; 30 bits   ; 120 LEs       ; 90 LEs               ; 30 LEs                 ; No         ; |datapath|ALU:alu_instance|mul_32bit:multiply|Mux214                      ;
; 6:1                ; 30 bits   ; 120 LEs       ; 90 LEs               ; 30 LEs                 ; No         ; |datapath|ALU:alu_instance|mul_32bit:multiply|Mux292                      ;
; 6:1                ; 30 bits   ; 120 LEs       ; 90 LEs               ; 30 LEs                 ; No         ; |datapath|ALU:alu_instance|mul_32bit:multiply|Mux357                      ;
; 6:1                ; 30 bits   ; 120 LEs       ; 90 LEs               ; 30 LEs                 ; No         ; |datapath|ALU:alu_instance|mul_32bit:multiply|Mux397                      ;
; 6:1                ; 30 bits   ; 120 LEs       ; 90 LEs               ; 30 LEs                 ; No         ; |datapath|ALU:alu_instance|mul_32bit:multiply|Mux465                      ;
; 32:1               ; 32 bits   ; 672 LEs       ; 512 LEs              ; 160 LEs                ; No         ; |datapath|bidirectional_bus:my_bus|multiplexer32to1:bus_multiplexer|Mux24 ;
; 12:1               ; 30 bits   ; 240 LEs       ; 240 LEs              ; 0 LEs                  ; No         ; |datapath|ALU:alu_instance|Mux7                                           ;
; 8:1                ; 30 bits   ; 150 LEs       ; 90 LEs               ; 60 LEs                 ; No         ; |datapath|ALU:alu_instance|mul_32bit:multiply|Mux113                      ;
; 8:1                ; 30 bits   ; 150 LEs       ; 90 LEs               ; 60 LEs                 ; No         ; |datapath|ALU:alu_instance|mul_32bit:multiply|Mux184                      ;
; 8:1                ; 30 bits   ; 150 LEs       ; 90 LEs               ; 60 LEs                 ; No         ; |datapath|ALU:alu_instance|mul_32bit:multiply|Mux237                      ;
; 8:1                ; 30 bits   ; 150 LEs       ; 90 LEs               ; 60 LEs                 ; No         ; |datapath|ALU:alu_instance|mul_32bit:multiply|Mux315                      ;
; 8:1                ; 30 bits   ; 150 LEs       ; 90 LEs               ; 60 LEs                 ; No         ; |datapath|ALU:alu_instance|mul_32bit:multiply|Mux391                      ;
; 8:1                ; 30 bits   ; 150 LEs       ; 90 LEs               ; 60 LEs                 ; No         ; |datapath|ALU:alu_instance|mul_32bit:multiply|Mux435                      ;
; 8:1                ; 30 bits   ; 150 LEs       ; 90 LEs               ; 60 LEs                 ; No         ; |datapath|ALU:alu_instance|mul_32bit:multiply|Mux508                      ;
; 15:1               ; 31 bits   ; 310 LEs       ; 124 LEs              ; 186 LEs                ; No         ; |datapath|ALU:alu_instance|Mux54                                          ;
; 22:1               ; 2 bits    ; 28 LEs        ; 28 LEs               ; 0 LEs                  ; No         ; |datapath|bidirectional_bus:my_bus|encoder_32to5:bus_encoder|Yout[2]      ;
; 24:1               ; 2 bits    ; 32 LEs        ; 22 LEs               ; 10 LEs                 ; No         ; |datapath|bidirectional_bus:my_bus|encoder_32to5:bus_encoder|Yout[3]      ;
+--------------------+-----------+---------------+----------------------+------------------------+------------+---------------------------------------------------------------------------+


+---------------------------------------------------------------+
; Parameter Settings for User Entity Instance: ALU:alu_instance ;
+----------------+-------+--------------------------------------+
; Parameter Name ; Value ; Type                                 ;
+----------------+-------+--------------------------------------+
; Add            ; 00011 ; Unsigned Binary                      ;
; Sub            ; 00100 ; Unsigned Binary                      ;
; And            ; 00101 ; Unsigned Binary                      ;
; Or             ; 00110 ; Unsigned Binary                      ;
; Shift_Right    ; 00111 ; Unsigned Binary                      ;
; Shift_RightA   ; 00100 ; Unsigned Binary                      ;
; Shift_Left     ; 01001 ; Unsigned Binary                      ;
; Rotate_Right   ; 01010 ; Unsigned Binary                      ;
; Rotate_Left    ; 01011 ; Unsigned Binary                      ;
; Mul            ; 01111 ; Unsigned Binary                      ;
; Div            ; 10000 ; Unsigned Binary                      ;
; Negate         ; 10001 ; Unsigned Binary                      ;
; Not            ; 10010 ; Unsigned Binary                      ;
+----------------+-------+--------------------------------------+
Note: In order to hide this table in the UI and the text report file, please set the "Show Parameter Settings in Synthesis Report" option in "Analysis and Synthesis Settings -> More Settings" to "Off".


+---------------------------------------------------------------------------------------------------------------------------------------------------------------------------------------------------------+
; Port Connectivity Checks: "ALU:alu_instance|div_32bit:division"                                                                                                                                         ;
+----------+--------+----------+--------------------------------------------------------------------------------------------------------------------------------------------------------------------------+
; Port     ; Type   ; Severity ; Details                                                                                                                                                                  ;
+----------+--------+----------+--------------------------------------------------------------------------------------------------------------------------------------------------------------------------+
; quotient ; Output ; Warning  ; Output or bidir port (32 bits) is smaller than the port expression (64 bits) it drives.  The 32 most-significant bit(s) in the port expression will be connected to GND. ;
+----------+--------+----------+--------------------------------------------------------------------------------------------------------------------------------------------------------------------------+


+-----------------------------------------------------------------------------------------------------------------------------------------------------+
; Port Connectivity Checks: "ALU:alu_instance|sub_32bit:subtraction"                                                                                  ;
+------+--------+----------+--------------------------------------------------------------------------------------------------------------------------+
; Port ; Type   ; Severity ; Details                                                                                                                  ;
+------+--------+----------+--------------------------------------------------------------------------------------------------------------------------+
; sum  ; Output ; Warning  ; Output or bidir port (32 bits) is wider than the port expression (1 bits) it drives; bit(s) "sum[31..1]" have no fanouts ;
; sum  ; Output ; Info     ; Connected to dangling logic. Logic that only feeds a dangling port will be removed.                                      ;
+------+--------+----------+--------------------------------------------------------------------------------------------------------------------------+


+----------------------------------------------------------------------------------------------------------------+
; Port Connectivity Checks: "ALU:alu_instance|add_32_bit:adding"                                                 ;
+------+--------+----------+-------------------------------------------------------------------------------------+
; Port ; Type   ; Severity ; Details                                                                             ;
+------+--------+----------+-------------------------------------------------------------------------------------+
; sum  ; Output ; Info     ; Connected to dangling logic. Logic that only feeds a dangling port will be removed. ;
; cout ; Output ; Info     ; Connected to dangling logic. Logic that only feeds a dangling port will be removed. ;
+------+--------+----------+-------------------------------------------------------------------------------------+


+------------------------------------------------------------------------------------------------------------------------------------------------------------+
; Port Connectivity Checks: "Register:zlo"                                                                                                                   ;
+---------+--------+----------+------------------------------------------------------------------------------------------------------------------------------+
; Port    ; Type   ; Severity ; Details                                                                                                                      ;
+---------+--------+----------+------------------------------------------------------------------------------------------------------------------------------+
; outputQ ; Output ; Warning  ; Output or bidir port (32 bits) is wider than the port expression (1 bits) it drives; bit(s) "outputQ[31..1]" have no fanouts ;
; outputQ ; Output ; Info     ; Connected to dangling logic. Logic that only feeds a dangling port will be removed.                                          ;
+---------+--------+----------+------------------------------------------------------------------------------------------------------------------------------+


+-------------------------------------------------------------------------------------------------------------------+
; Port Connectivity Checks: "Register:zhi"                                                                          ;
+---------+--------+----------+-------------------------------------------------------------------------------------+
; Port    ; Type   ; Severity ; Details                                                                             ;
+---------+--------+----------+-------------------------------------------------------------------------------------+
; outputQ ; Output ; Info     ; Connected to dangling logic. Logic that only feeds a dangling port will be removed. ;
+---------+--------+----------+-------------------------------------------------------------------------------------+


+-------------------------------------------------------------------------------------------------------------------+
; Port Connectivity Checks: "Register:MAR"                                                                          ;
+---------+--------+----------+-------------------------------------------------------------------------------------+
; Port    ; Type   ; Severity ; Details                                                                             ;
+---------+--------+----------+-------------------------------------------------------------------------------------+
; outputQ ; Output ; Info     ; Connected to dangling logic. Logic that only feeds a dangling port will be removed. ;
+---------+--------+----------+-------------------------------------------------------------------------------------+


+-------------------------------------------------------------------------------------------------------------------+
; Port Connectivity Checks: "Register:IR"                                                                           ;
+---------+--------+----------+-------------------------------------------------------------------------------------+
; Port    ; Type   ; Severity ; Details                                                                             ;
+---------+--------+----------+-------------------------------------------------------------------------------------+
; outputQ ; Output ; Info     ; Connected to dangling logic. Logic that only feeds a dangling port will be removed. ;
+---------+--------+----------+-------------------------------------------------------------------------------------+


+-------------------------------+
; Elapsed Time Per Partition    ;
+----------------+--------------+
; Partition Name ; Elapsed Time ;
+----------------+--------------+
<<<<<<< HEAD
; Top            ; 00:00:02     ;
=======
; Top            ; 00:00:19     ;
>>>>>>> 6889b348620290086cf5e8c8e14ea4fa5f240fa6
+----------------+--------------+


+-------------------------------+
; Analysis & Synthesis Messages ;
+-------------------------------+
Info: *******************************************************************
Info: Running Quartus II 64-Bit Analysis & Synthesis
    Info: Version 13.0.1 Build 232 06/12/2013 Service Pack 1 SJ Web Edition
<<<<<<< HEAD
    Info: Processing started: Fri Mar 17 14:33:24 2023
Info: Command: quartus_map --read_settings_files=on --write_settings_files=off ELEC374Project -c ELEC374Project
Warning (20028): Parallel compilation is not licensed and has been disabled
=======
    Info: Processing started: Fri Mar 17 14:16:29 2023
Info: Command: quartus_map --read_settings_files=on --write_settings_files=off ELEC374Project -c ELEC374Project
Warning (20028): Parallel compilation is not licensed and has been disabled
Info (12021): Found 1 design units, including 1 entities, in source file z_register.v
    Info (12023): Found entity 1: z_register
Info (12021): Found 1 design units, including 1 entities, in source file sub_alutb.v
    Info (12023): Found entity 1: SUB_ALUtb
Info (12021): Found 1 design units, including 1 entities, in source file shr_tb.v
    Info (12023): Found entity 1: shr_TB
Info (12021): Found 1 design units, including 1 entities, in source file shr_32bit.v
    Info (12023): Found entity 1: shr
Info (12021): Found 1 design units, including 1 entities, in source file shra_32bit.v
    Info (12023): Found entity 1: shra
Info (12021): Found 1 design units, including 1 entities, in source file shl_tb.v
    Info (12023): Found entity 1: shl_TB
Info (12021): Found 1 design units, including 1 entities, in source file shl_32bit.v
    Info (12023): Found entity 1: shl
Info (12021): Found 1 design units, including 1 entities, in source file ror_tb.v
    Info (12023): Found entity 1: ror_tb
Info (12021): Found 1 design units, including 1 entities, in source file ror_32bit.v
    Info (12023): Found entity 1: rotateRight
Info (12021): Found 1 design units, including 1 entities, in source file rol_tb.v
    Info (12023): Found entity 1: rol_tb
Info (12021): Found 1 design units, including 1 entities, in source file rol_32bit.v
    Info (12023): Found entity 1: rotateLeft
Info (12021): Found 1 design units, including 1 entities, in source file registertb.v
    Info (12023): Found entity 1: registerTB
Info (12021): Found 1 design units, including 1 entities, in source file register.v
    Info (12023): Found entity 1: Register
Info (12021): Found 1 design units, including 1 entities, in source file pc.v
    Info (12023): Found entity 1: PC
Info (12021): Found 1 design units, including 1 entities, in source file or_tbdatapath.v
    Info (12023): Found entity 1: OR_tb
Info (12021): Found 1 design units, including 1 entities, in source file or_tb.v
    Info (12023): Found entity 1: or_TB
Info (12021): Found 1 design units, including 1 entities, in source file or_32bit.v
    Info (12023): Found entity 1: or_32bit
Info (12021): Found 1 design units, including 1 entities, in source file not_tb.v
    Info (12023): Found entity 1: not_tb
Info (12021): Found 1 design units, including 1 entities, in source file not_alutb.v
    Info (12023): Found entity 1: NOT_ALUtb
Info (12021): Found 1 design units, including 1 entities, in source file not_32bit.v
    Info (12023): Found entity 1: not_32bit
Info (12021): Found 1 design units, including 1 entities, in source file negate_alutb.v
    Info (12023): Found entity 1: NEGATE_ALUtb
Info (12021): Found 1 design units, including 1 entities, in source file mux2to1tb.v
    Info (12023): Found entity 1: mux2to1TB
Info (12021): Found 1 design units, including 1 entities, in source file mul_32bit_tb.v
    Info (12023): Found entity 1: mul_32bit_tb
Info (12021): Found 1 design units, including 1 entities, in source file mul_32bit.v
    Info (12023): Found entity 1: mul_32bit
Info (12021): Found 1 design units, including 1 entities, in source file multiplexertb.v
    Info (12023): Found entity 1: mux32_1_tb
Info (12021): Found 1 design units, including 1 entities, in source file multiplexer32to1.v
    Info (12023): Found entity 1: multiplexer32to1
Info (12021): Found 4 design units, including 4 entities, in source file multiplexer.v
    Info (12023): Found entity 1: mux2_1
    Info (12023): Found entity 2: mux8_1
    Info (12023): Found entity 3: mux16_1
    Info (12023): Found entity 4: mux32_1
Info (12021): Found 1 design units, including 1 entities, in source file mdrtb.v
    Info (12023): Found entity 1: MDRTB
Info (12021): Found 1 design units, including 1 entities, in source file mdr.v
    Info (12023): Found entity 1: MDR
Info (12021): Found 1 design units, including 1 entities, in source file encodertb.v
    Info (12023): Found entity 1: encoderTb
Info (12021): Found 1 design units, including 1 entities, in source file encoder.v
    Info (12023): Found entity 1: encoder_32to5
Info (12021): Found 1 design units, including 1 entities, in source file div_alutb.v
    Info (12023): Found entity 1: DIV_ALUtb
>>>>>>> 6889b348620290086cf5e8c8e14ea4fa5f240fa6
Info (12021): Found 1 design units, including 1 entities, in source file div_32bit_tb.v
    Info (12023): Found entity 1: div_32bit_tb
Info (12021): Found 1 design units, including 1 entities, in source file div_32bit.v
    Info (12023): Found entity 1: div_32bit
<<<<<<< HEAD
Info (12127): Elaborating entity "div_32bit" for the top level hierarchy
=======
Info (12021): Found 1 design units, including 1 entities, in source file datapath.v
    Info (12023): Found entity 1: datapath
Info (12021): Found 1 design units, including 1 entities, in source file bidirectional_bus.v
    Info (12023): Found entity 1: bidirectional_bus
Info (12021): Found 1 design units, including 1 entities, in source file and_32bit.v
    Info (12023): Found entity 1: and_32bit
Info (12021): Found 1 design units, including 1 entities, in source file alu.v
    Info (12023): Found entity 1: ALU
Info (12021): Found 1 design units, including 1 entities, in source file add_tb.v
    Info (12023): Found entity 1: add_TB
Info (12021): Found 1 design units, including 1 entities, in source file add_alutb.v
    Info (12023): Found entity 1: ADD_ALUtb
Info (12021): Found 1 design units, including 1 entities, in source file negate.v
    Info (12023): Found entity 1: negate_32_bit
Info (12021): Found 3 design units, including 3 entities, in source file add_32.v
    Info (12023): Found entity 1: add_32_bit
    Info (12023): Found entity 2: CLA16
    Info (12023): Found entity 3: CLA4
Info (12021): Found 1 design units, including 1 entities, in source file sub_32tb.v
    Info (12023): Found entity 1: sub_32tb
Info (12021): Found 1 design units, including 1 entities, in source file sub_32bit.v
    Info (12023): Found entity 1: sub_32bit
Info (12021): Found 1 design units, including 1 entities, in source file multiply_alutb.v
    Info (12023): Found entity 1: MULTIPLY_ALUtb
Warning (10236): Verilog HDL Implicit Net warning at shr_TB.v(6): created implicit net for "shr_result"
Warning (10236): Verilog HDL Implicit Net warning at shl_TB.v(6): created implicit net for "shr_result"
Warning (10236): Verilog HDL Implicit Net warning at datapath.v(83): created implicit net for "busInZLo"
Warning (10236): Verilog HDL Implicit Net warning at ALU.v(38): created implicit net for "sub_out"
Critical Warning (10846): Verilog HDL Instantiation warning at not_tb.v(5): instance has no name
Info (12127): Elaborating entity "datapath" for the top level hierarchy
Info (12128): Elaborating entity "Register" for hierarchy "Register:r0"
Info (12128): Elaborating entity "PC" for hierarchy "PC:PC"
Info (12128): Elaborating entity "MDR" for hierarchy "MDR:MDR_register"
Info (12128): Elaborating entity "mux2_1" for hierarchy "MDR:MDR_register|mux2_1:my_MDR_Multiplexer"
Info (12128): Elaborating entity "z_register" for hierarchy "z_register:z_reg"
Info (12128): Elaborating entity "ALU" for hierarchy "ALU:alu_instance"
Warning (10272): Verilog HDL Case Statement warning at ALU.v(75): case item expression covers a value already covered by a previous case item
Warning (10270): Verilog HDL Case Statement warning at ALU.v(43): incomplete case statement has no default case item
Warning (10240): Verilog HDL Always Construct warning at ALU.v(43): inferring latch(es) for variable "C_reg", which holds its previous value in one or more paths through the always construct
Info (10041): Inferred latch for "C_reg[0]" at ALU.v(43)
Info (10041): Inferred latch for "C_reg[1]" at ALU.v(43)
Info (10041): Inferred latch for "C_reg[2]" at ALU.v(43)
Info (10041): Inferred latch for "C_reg[3]" at ALU.v(43)
Info (10041): Inferred latch for "C_reg[4]" at ALU.v(43)
Info (10041): Inferred latch for "C_reg[5]" at ALU.v(43)
Info (10041): Inferred latch for "C_reg[6]" at ALU.v(43)
Info (10041): Inferred latch for "C_reg[7]" at ALU.v(43)
Info (10041): Inferred latch for "C_reg[8]" at ALU.v(43)
Info (10041): Inferred latch for "C_reg[9]" at ALU.v(43)
Info (10041): Inferred latch for "C_reg[10]" at ALU.v(43)
Info (10041): Inferred latch for "C_reg[11]" at ALU.v(43)
Info (10041): Inferred latch for "C_reg[12]" at ALU.v(43)
Info (10041): Inferred latch for "C_reg[13]" at ALU.v(43)
Info (10041): Inferred latch for "C_reg[14]" at ALU.v(43)
Info (10041): Inferred latch for "C_reg[15]" at ALU.v(43)
Info (10041): Inferred latch for "C_reg[16]" at ALU.v(43)
Info (10041): Inferred latch for "C_reg[17]" at ALU.v(43)
Info (10041): Inferred latch for "C_reg[18]" at ALU.v(43)
Info (10041): Inferred latch for "C_reg[19]" at ALU.v(43)
Info (10041): Inferred latch for "C_reg[20]" at ALU.v(43)
Info (10041): Inferred latch for "C_reg[21]" at ALU.v(43)
Info (10041): Inferred latch for "C_reg[22]" at ALU.v(43)
Info (10041): Inferred latch for "C_reg[23]" at ALU.v(43)
Info (10041): Inferred latch for "C_reg[24]" at ALU.v(43)
Info (10041): Inferred latch for "C_reg[25]" at ALU.v(43)
Info (10041): Inferred latch for "C_reg[26]" at ALU.v(43)
Info (10041): Inferred latch for "C_reg[27]" at ALU.v(43)
Info (10041): Inferred latch for "C_reg[28]" at ALU.v(43)
Info (10041): Inferred latch for "C_reg[29]" at ALU.v(43)
Info (10041): Inferred latch for "C_reg[30]" at ALU.v(43)
Info (10041): Inferred latch for "C_reg[31]" at ALU.v(43)
Info (10041): Inferred latch for "C_reg[32]" at ALU.v(43)
Info (10041): Inferred latch for "C_reg[33]" at ALU.v(43)
Info (10041): Inferred latch for "C_reg[34]" at ALU.v(43)
Info (10041): Inferred latch for "C_reg[35]" at ALU.v(43)
Info (10041): Inferred latch for "C_reg[36]" at ALU.v(43)
Info (10041): Inferred latch for "C_reg[37]" at ALU.v(43)
Info (10041): Inferred latch for "C_reg[38]" at ALU.v(43)
Info (10041): Inferred latch for "C_reg[39]" at ALU.v(43)
Info (10041): Inferred latch for "C_reg[40]" at ALU.v(43)
Info (10041): Inferred latch for "C_reg[41]" at ALU.v(43)
Info (10041): Inferred latch for "C_reg[42]" at ALU.v(43)
Info (10041): Inferred latch for "C_reg[43]" at ALU.v(43)
Info (10041): Inferred latch for "C_reg[44]" at ALU.v(43)
Info (10041): Inferred latch for "C_reg[45]" at ALU.v(43)
Info (10041): Inferred latch for "C_reg[46]" at ALU.v(43)
Info (10041): Inferred latch for "C_reg[47]" at ALU.v(43)
Info (10041): Inferred latch for "C_reg[48]" at ALU.v(43)
Info (10041): Inferred latch for "C_reg[49]" at ALU.v(43)
Info (10041): Inferred latch for "C_reg[50]" at ALU.v(43)
Info (10041): Inferred latch for "C_reg[51]" at ALU.v(43)
Info (10041): Inferred latch for "C_reg[52]" at ALU.v(43)
Info (10041): Inferred latch for "C_reg[53]" at ALU.v(43)
Info (10041): Inferred latch for "C_reg[54]" at ALU.v(43)
Info (10041): Inferred latch for "C_reg[55]" at ALU.v(43)
Info (10041): Inferred latch for "C_reg[56]" at ALU.v(43)
Info (10041): Inferred latch for "C_reg[57]" at ALU.v(43)
Info (10041): Inferred latch for "C_reg[58]" at ALU.v(43)
Info (10041): Inferred latch for "C_reg[59]" at ALU.v(43)
Info (10041): Inferred latch for "C_reg[60]" at ALU.v(43)
Info (10041): Inferred latch for "C_reg[61]" at ALU.v(43)
Info (10041): Inferred latch for "C_reg[62]" at ALU.v(43)
Info (10041): Inferred latch for "C_reg[63]" at ALU.v(43)
Info (12128): Elaborating entity "add_32_bit" for hierarchy "ALU:alu_instance|add_32_bit:adding"
Info (12128): Elaborating entity "CLA16" for hierarchy "ALU:alu_instance|add_32_bit:adding|CLA16:CLA1"
Info (12128): Elaborating entity "CLA4" for hierarchy "ALU:alu_instance|add_32_bit:adding|CLA16:CLA1|CLA4:CLA1"
Info (12128): Elaborating entity "mul_32bit" for hierarchy "ALU:alu_instance|mul_32bit:multiply"
Warning (10199): Verilog HDL Case Statement warning at mul_32bit.v(27): case item expression never matches the case expression
Warning (10199): Verilog HDL Case Statement warning at mul_32bit.v(29): case item expression never matches the case expression
Warning (10199): Verilog HDL Case Statement warning at mul_32bit.v(31): case item expression never matches the case expression
Warning (10199): Verilog HDL Case Statement warning at mul_32bit.v(33): case item expression never matches the case expression
Warning (10230): Verilog HDL assignment warning at mul_32bit.v(40): truncated value with size 66 to match size of target (64)
Info (12128): Elaborating entity "sub_32bit" for hierarchy "ALU:alu_instance|sub_32bit:subtraction"
Info (12128): Elaborating entity "div_32bit" for hierarchy "ALU:alu_instance|div_32bit:division"
Info (12128): Elaborating entity "bidirectional_bus" for hierarchy "bidirectional_bus:my_bus"
Info (12128): Elaborating entity "encoder_32to5" for hierarchy "bidirectional_bus:my_bus|encoder_32to5:bus_encoder"
Info (12128): Elaborating entity "multiplexer32to1" for hierarchy "bidirectional_bus:my_bus|multiplexer32to1:bus_multiplexer"
Warning (12241): 3 hierarchies have connectivity warnings - see the Connectivity Checks report folder
Warning (13012): Latch ALU:alu_instance|C_reg[0] has unsafe behavior
    Warning (13013): Ports D and ENA on the latch are fed by the same signal ALU_opcode[3]
Warning (13012): Latch ALU:alu_instance|C_reg[1] has unsafe behavior
    Warning (13013): Ports D and ENA on the latch are fed by the same signal ALU_opcode[3]
Warning (13012): Latch ALU:alu_instance|C_reg[2] has unsafe behavior
    Warning (13013): Ports D and ENA on the latch are fed by the same signal ALU_opcode[2]
Warning (13012): Latch ALU:alu_instance|C_reg[3] has unsafe behavior
    Warning (13013): Ports D and ENA on the latch are fed by the same signal ALU_opcode[2]
Warning (13012): Latch ALU:alu_instance|C_reg[4] has unsafe behavior
    Warning (13013): Ports D and ENA on the latch are fed by the same signal ALU_opcode[2]
Warning (13012): Latch ALU:alu_instance|C_reg[5] has unsafe behavior
    Warning (13013): Ports D and ENA on the latch are fed by the same signal ALU_opcode[2]
Warning (13012): Latch ALU:alu_instance|C_reg[6] has unsafe behavior
    Warning (13013): Ports D and ENA on the latch are fed by the same signal ALU_opcode[2]
Warning (13012): Latch ALU:alu_instance|C_reg[7] has unsafe behavior
    Warning (13013): Ports D and ENA on the latch are fed by the same signal ALU_opcode[2]
Warning (13012): Latch ALU:alu_instance|C_reg[8] has unsafe behavior
    Warning (13013): Ports D and ENA on the latch are fed by the same signal ALU_opcode[2]
Warning (13012): Latch ALU:alu_instance|C_reg[9] has unsafe behavior
    Warning (13013): Ports D and ENA on the latch are fed by the same signal ALU_opcode[2]
Warning (13012): Latch ALU:alu_instance|C_reg[10] has unsafe behavior
    Warning (13013): Ports D and ENA on the latch are fed by the same signal ALU_opcode[2]
Warning (13012): Latch ALU:alu_instance|C_reg[11] has unsafe behavior
    Warning (13013): Ports D and ENA on the latch are fed by the same signal ALU_opcode[2]
Warning (13012): Latch ALU:alu_instance|C_reg[12] has unsafe behavior
    Warning (13013): Ports D and ENA on the latch are fed by the same signal ALU_opcode[2]
Warning (13012): Latch ALU:alu_instance|C_reg[13] has unsafe behavior
    Warning (13013): Ports D and ENA on the latch are fed by the same signal ALU_opcode[2]
Warning (13012): Latch ALU:alu_instance|C_reg[14] has unsafe behavior
    Warning (13013): Ports D and ENA on the latch are fed by the same signal ALU_opcode[2]
Warning (13012): Latch ALU:alu_instance|C_reg[15] has unsafe behavior
    Warning (13013): Ports D and ENA on the latch are fed by the same signal ALU_opcode[2]
Warning (13012): Latch ALU:alu_instance|C_reg[16] has unsafe behavior
    Warning (13013): Ports D and ENA on the latch are fed by the same signal ALU_opcode[2]
Warning (13012): Latch ALU:alu_instance|C_reg[17] has unsafe behavior
    Warning (13013): Ports D and ENA on the latch are fed by the same signal ALU_opcode[2]
Warning (13012): Latch ALU:alu_instance|C_reg[18] has unsafe behavior
    Warning (13013): Ports D and ENA on the latch are fed by the same signal ALU_opcode[2]
Warning (13012): Latch ALU:alu_instance|C_reg[19] has unsafe behavior
    Warning (13013): Ports D and ENA on the latch are fed by the same signal ALU_opcode[2]
Warning (13012): Latch ALU:alu_instance|C_reg[20] has unsafe behavior
    Warning (13013): Ports D and ENA on the latch are fed by the same signal ALU_opcode[2]
Warning (13012): Latch ALU:alu_instance|C_reg[21] has unsafe behavior
    Warning (13013): Ports D and ENA on the latch are fed by the same signal ALU_opcode[2]
Warning (13012): Latch ALU:alu_instance|C_reg[22] has unsafe behavior
    Warning (13013): Ports D and ENA on the latch are fed by the same signal ALU_opcode[2]
Warning (13012): Latch ALU:alu_instance|C_reg[23] has unsafe behavior
    Warning (13013): Ports D and ENA on the latch are fed by the same signal ALU_opcode[2]
Warning (13012): Latch ALU:alu_instance|C_reg[24] has unsafe behavior
    Warning (13013): Ports D and ENA on the latch are fed by the same signal ALU_opcode[2]
Warning (13012): Latch ALU:alu_instance|C_reg[25] has unsafe behavior
    Warning (13013): Ports D and ENA on the latch are fed by the same signal ALU_opcode[2]
Warning (13012): Latch ALU:alu_instance|C_reg[26] has unsafe behavior
    Warning (13013): Ports D and ENA on the latch are fed by the same signal ALU_opcode[2]
Warning (13012): Latch ALU:alu_instance|C_reg[27] has unsafe behavior
    Warning (13013): Ports D and ENA on the latch are fed by the same signal ALU_opcode[2]
Warning (13012): Latch ALU:alu_instance|C_reg[28] has unsafe behavior
    Warning (13013): Ports D and ENA on the latch are fed by the same signal ALU_opcode[2]
Warning (13012): Latch ALU:alu_instance|C_reg[29] has unsafe behavior
    Warning (13013): Ports D and ENA on the latch are fed by the same signal ALU_opcode[2]
Warning (13012): Latch ALU:alu_instance|C_reg[30] has unsafe behavior
    Warning (13013): Ports D and ENA on the latch are fed by the same signal ALU_opcode[2]
Warning (13012): Latch ALU:alu_instance|C_reg[31] has unsafe behavior
    Warning (13013): Ports D and ENA on the latch are fed by the same signal ALU_opcode[2]
Warning (13012): Latch ALU:alu_instance|C_reg[32] has unsafe behavior
    Warning (13013): Ports D and ENA on the latch are fed by the same signal ALU_opcode[3]
Warning (13012): Latch ALU:alu_instance|C_reg[33] has unsafe behavior
    Warning (13013): Ports D and ENA on the latch are fed by the same signal ALU_opcode[3]
Warning (13012): Latch ALU:alu_instance|C_reg[34] has unsafe behavior
    Warning (13013): Ports D and ENA on the latch are fed by the same signal ALU_opcode[3]
Warning (13012): Latch ALU:alu_instance|C_reg[35] has unsafe behavior
    Warning (13013): Ports D and ENA on the latch are fed by the same signal ALU_opcode[3]
Warning (13012): Latch ALU:alu_instance|C_reg[36] has unsafe behavior
    Warning (13013): Ports D and ENA on the latch are fed by the same signal ALU_opcode[3]
Warning (13012): Latch ALU:alu_instance|C_reg[37] has unsafe behavior
    Warning (13013): Ports D and ENA on the latch are fed by the same signal ALU_opcode[3]
Warning (13012): Latch ALU:alu_instance|C_reg[38] has unsafe behavior
    Warning (13013): Ports D and ENA on the latch are fed by the same signal ALU_opcode[3]
Warning (13012): Latch ALU:alu_instance|C_reg[39] has unsafe behavior
    Warning (13013): Ports D and ENA on the latch are fed by the same signal ALU_opcode[3]
Warning (13012): Latch ALU:alu_instance|C_reg[40] has unsafe behavior
    Warning (13013): Ports D and ENA on the latch are fed by the same signal ALU_opcode[3]
Warning (13012): Latch ALU:alu_instance|C_reg[41] has unsafe behavior
    Warning (13013): Ports D and ENA on the latch are fed by the same signal ALU_opcode[3]
Warning (13012): Latch ALU:alu_instance|C_reg[42] has unsafe behavior
    Warning (13013): Ports D and ENA on the latch are fed by the same signal ALU_opcode[3]
Warning (13012): Latch ALU:alu_instance|C_reg[43] has unsafe behavior
    Warning (13013): Ports D and ENA on the latch are fed by the same signal ALU_opcode[3]
Warning (13012): Latch ALU:alu_instance|C_reg[44] has unsafe behavior
    Warning (13013): Ports D and ENA on the latch are fed by the same signal ALU_opcode[3]
Warning (13012): Latch ALU:alu_instance|C_reg[45] has unsafe behavior
    Warning (13013): Ports D and ENA on the latch are fed by the same signal ALU_opcode[3]
Warning (13012): Latch ALU:alu_instance|C_reg[46] has unsafe behavior
    Warning (13013): Ports D and ENA on the latch are fed by the same signal ALU_opcode[3]
Warning (13012): Latch ALU:alu_instance|C_reg[47] has unsafe behavior
    Warning (13013): Ports D and ENA on the latch are fed by the same signal ALU_opcode[3]
Warning (13012): Latch ALU:alu_instance|C_reg[48] has unsafe behavior
    Warning (13013): Ports D and ENA on the latch are fed by the same signal ALU_opcode[3]
Warning (13012): Latch ALU:alu_instance|C_reg[49] has unsafe behavior
    Warning (13013): Ports D and ENA on the latch are fed by the same signal ALU_opcode[3]
Warning (13012): Latch ALU:alu_instance|C_reg[50] has unsafe behavior
    Warning (13013): Ports D and ENA on the latch are fed by the same signal ALU_opcode[3]
Warning (13012): Latch ALU:alu_instance|C_reg[51] has unsafe behavior
    Warning (13013): Ports D and ENA on the latch are fed by the same signal ALU_opcode[3]
Warning (13012): Latch ALU:alu_instance|C_reg[52] has unsafe behavior
    Warning (13013): Ports D and ENA on the latch are fed by the same signal ALU_opcode[3]
Warning (13012): Latch ALU:alu_instance|C_reg[53] has unsafe behavior
    Warning (13013): Ports D and ENA on the latch are fed by the same signal ALU_opcode[3]
Warning (13012): Latch ALU:alu_instance|C_reg[54] has unsafe behavior
    Warning (13013): Ports D and ENA on the latch are fed by the same signal ALU_opcode[3]
Warning (13012): Latch ALU:alu_instance|C_reg[55] has unsafe behavior
    Warning (13013): Ports D and ENA on the latch are fed by the same signal ALU_opcode[3]
Warning (13012): Latch ALU:alu_instance|C_reg[56] has unsafe behavior
    Warning (13013): Ports D and ENA on the latch are fed by the same signal ALU_opcode[3]
Warning (13012): Latch ALU:alu_instance|C_reg[57] has unsafe behavior
    Warning (13013): Ports D and ENA on the latch are fed by the same signal ALU_opcode[3]
Warning (13012): Latch ALU:alu_instance|C_reg[58] has unsafe behavior
    Warning (13013): Ports D and ENA on the latch are fed by the same signal ALU_opcode[3]
Warning (13012): Latch ALU:alu_instance|C_reg[59] has unsafe behavior
    Warning (13013): Ports D and ENA on the latch are fed by the same signal ALU_opcode[3]
Warning (13012): Latch ALU:alu_instance|C_reg[60] has unsafe behavior
    Warning (13013): Ports D and ENA on the latch are fed by the same signal ALU_opcode[3]
Warning (13012): Latch ALU:alu_instance|C_reg[61] has unsafe behavior
    Warning (13013): Ports D and ENA on the latch are fed by the same signal ALU_opcode[3]
Warning (13012): Latch ALU:alu_instance|C_reg[62] has unsafe behavior
    Warning (13013): Ports D and ENA on the latch are fed by the same signal ALU_opcode[3]
Warning (13012): Latch ALU:alu_instance|C_reg[63] has unsafe behavior
    Warning (13013): Ports D and ENA on the latch are fed by the same signal ALU_opcode[3]
>>>>>>> 6889b348620290086cf5e8c8e14ea4fa5f240fa6
Info (286030): Timing-Driven Synthesis is running
Info (144001): Generated suppressed messages file C:/code/374pt2/ELEC374part2/ELEC374part2/output_files/ELEC374Project.map.smsg
Info (16010): Generating hard_block partition "hard_block:auto_generated_inst"
    Info (16011): Adding 0 node(s), including 0 DDIO, 0 PLL, 0 transceiver and 0 LCELL
<<<<<<< HEAD
Info (21057): Implemented 3138 device resources after synthesis - the final resource count might be different
    Info (21058): Implemented 64 input pins
    Info (21059): Implemented 64 output pins
    Info (21061): Implemented 3010 logic cells
Info: Quartus II 64-Bit Analysis & Synthesis was successful. 0 errors, 1 warning
    Info: Peak virtual memory: 4602 megabytes
    Info: Processing ended: Fri Mar 17 14:33:28 2023
    Info: Elapsed time: 00:00:04
    Info: Total CPU time (on all processors): 00:00:04
=======
Warning (21074): Design contains 5 input pin(s) that do not drive logic
    Warning (15610): No output dependent on input pin "Yout"
    Warning (15610): No output dependent on input pin "ZHIin"
    Warning (15610): No output dependent on input pin "ZLOin"
    Warning (15610): No output dependent on input pin "MARin"
    Warning (15610): No output dependent on input pin "IRin"
Info (21057): Implemented 8264 device resources after synthesis - the final resource count might be different
    Info (21058): Implemented 94 input pins
    Info (21059): Implemented 736 output pins
    Info (21061): Implemented 7434 logic cells
Info: Quartus II 64-Bit Analysis & Synthesis was successful. 0 errors, 149 warnings
    Info: Peak virtual memory: 4628 megabytes
    Info: Processing ended: Fri Mar 17 14:16:50 2023
    Info: Elapsed time: 00:00:21
    Info: Total CPU time (on all processors): 00:00:22


+------------------------------------------+
; Analysis & Synthesis Suppressed Messages ;
+------------------------------------------+
The suppressed messages can be found in C:/code/374pt2/ELEC374part2/ELEC374part2/output_files/ELEC374Project.map.smsg.
>>>>>>> 6889b348620290086cf5e8c8e14ea4fa5f240fa6


